#
# A fatal error has been detected by the Java Runtime Environment:
#
#  EXCEPTION_ACCESS_VIOLATION (0xc0000005) at pc=0x0000026deb6dd62f, pid=11068, tid=5220
#
# JRE version: Java(TM) SE Runtime Environment (15.0.2+7) (build 15.0.2+7-27)
# Java VM: Java HotSpot(TM) 64-Bit Server VM (15.0.2+7-27, mixed mode, sharing, tiered, compressed oops, g1 gc, windows-amd64)
# Problematic frame:
# j  main.Main.main([Ljava/lang/String;)V+6
#
# No core dump will be written. Minidumps are not enabled by default on client versions of Windows
#
# If you would like to submit a bug report, please visit:
#   https://bugreport.java.com/bugreport/crash.jsp
#

---------------  S U M M A R Y ------------

Command Line: -agentlib:jdwp=transport=dt_socket,suspend=y,address=localhost:61723 -javaagent:C:\Users\osama\eclipse\java-2019-09\eclipse\configuration\org.eclipse.osgi\229\0\.cp\lib\javaagent-shaded.jar -Dfile.encoding=Cp1252 main.Main

Host: Intel(R) Core(TM) i5-7300U CPU @ 2.60GHz, 4 cores, 7G,  Windows 10 , 64 bit Build 19041 (10.0.19041.1466)
Time: Tue Feb  8 14:33:20 2022 Pakistan Standard Time elapsed time: 494.805726 seconds (0d 0h 8m 14s)

---------------  T H R E A D  ---------------

Current thread (0x0000026de1c88c20):  JavaThread "main" [_thread_in_Java, id=5220, stack(0x000000c49a600000,0x000000c49a700000)]

Stack: [0x000000c49a600000,0x000000c49a700000],  sp=0x000000c49a6ff658,  free space=1021k
Native frames: (J=compiled Java code, j=interpreted, Vv=VM code, C=native code)
C  0x0000026deb6dd62f


siginfo: EXCEPTION_ACCESS_VIOLATION (0xc0000005), reading address 0x0000026d825a8708


Register to memory mapping:

RIP=0x0000026deb6dd62f is at code_begin+79 in an Interpreter codelet
invokespecial  183 invokespecial  [0x0000026deb6dd5e0, 0x0000026deb6dd9a0]  960 bytes
RAX=0x0 is NULL
RBX=0x00000000000000b7 is an unknown value
RCX=0x0000026d824146c8 is pointing into metadata
RDX=0x0000000000032804 is an unknown value
RSP=0x000000c49a6ff658 is pointing into the stack for thread: 0x0000026de1c88c20
RBP=0x000000c49a6ff6b8 is pointing into the stack for thread: 0x0000026de1c88c20
RSI=0x0000000000000001 is an unknown value
RDI=0x000000c49a6ffb10 is pointing into the stack for thread: 0x0000026de1c88c20
R8 =0x0000000000000002 is an unknown value
R9 =0x0000000000000002 is an unknown value
R10=0x00007ff9f11f8a10 jvm.dll
R11={method} {0x0000026d82414660} 'main' '([Ljava/lang/String;)V' in 'main/Main'
R12=0x0 is NULL
R13=0x0000026d824145de is pointing into metadata
R14=0x000000c49a6ff6f0 is pointing into the stack for thread: 0x0000026de1c88c20
R15=0x0000026de1c88c20 is a thread


Registers:
RAX=0x0000000000000000, RBX=0x00000000000000b7, RCX=0x0000026d824146c8, RDX=0x0000000000032804
RSP=0x000000c49a6ff658, RBP=0x000000c49a6ff6b8, RSI=0x0000000000000001, RDI=0x000000c49a6ffb10
R8 =0x0000000000000002, R9 =0x0000000000000002, R10=0x00007ff9f11f8a10, R11=0x0000026d82414658
R12=0x0000000000000000, R13=0x0000026d824145de, R14=0x000000c49a6ff6f0, R15=0x0000026de1c88c20
RIP=0x0000026deb6dd62f, EFLAGS=0x0000000000010202

Top of Stack: (sp=0x000000c49a6ff658)
0x000000c49a6ff658:   0000000089cc8fc0 0000000089934710
0x000000c49a6ff668:   0000000089934710 000000c49a6ff670
0x000000c49a6ff678:   0000026d824145de 000000c49a6ff6f0
0x000000c49a6ff688:   0000026d824146c8 0000000000000000
0x000000c49a6ff698:   00000000899343b0 0000026d82414658
0x000000c49a6ff6a8:   0000000000000000 000000c49a6ff6f0
0x000000c49a6ff6b8:   000000c49a6ff8d0 0000026deb6b0f90
0x000000c49a6ff6c8:   0000000000000000 0000000000000000
0x000000c49a6ff6d8:   0000000000000000 0000000000000000
0x000000c49a6ff6e8:   0000000000000000 0000000089934630
0x000000c49a6ff6f8:   0000026d00000000 0000000000000040
0x000000c49a6ff708:   0000026d00000000 000000c49a6ff840
0x000000c49a6ff718:   00007ff9f09cb0e2 00000002e1af0308
0x000000c49a6ff728:   0000000089932a08 00000000000001a0
0x000000c49a6ff738:   0000026de1af0cc0 0000000000000000
0x000000c49a6ff748:   0000000000000000 0000000000000000 

Instructions: (pc=0x0000026deb6dd62f)
0x0000026deb6dd52f:   ba 00 00 00 00 08 00 00 00 4d 03 ea 4c 33 6a 08
0x0000026deb6dd53f:   49 f7 c5 fc ff ff ff 74 38 49 f7 c5 02 00 00 00
0x0000026deb6dd54f:   75 2f 48 81 7a 08 00 00 00 00 74 21 48 81 7a 08
0x0000026deb6dd55f:   01 00 00 00 74 17 4c 33 6a 08 49 f7 c5 fc ff ff
0x0000026deb6dd56f:   ff 74 0e 48 81 4a 08 02 00 00 00 eb 04 4c 89 6a
0x0000026deb6dd57f:   08 48 83 c2 10 4c 8b 6a d8 41 83 ed 04 41 c1 e5
0x0000026deb6dd58f:   03 49 03 d5 48 89 55 d8 4c 8d 6c 24 08 4c 89 6d
0x0000026deb6dd59f:   f0 41 80 bf 88 04 00 00 00 74 03 ff 63 30 ff 63
0x0000026deb6dd5af:   48 00 00 00 00 00 00 00 00 00 00 00 00 00 00 00
0x0000026deb6dd5bf:   00 e0 03 00 00 00 00 00 00 d0 2e f9 f0 f9 7f 00
0x0000026deb6dd5cf:   00 b7 00 00 00 00 00 00 00 00 00 00 00 00 00 00
0x0000026deb6dd5df:   00 50 e9 39 00 00 00 48 83 ec 08 c5 fa 11 04 24
0x0000026deb6dd5ef:   e9 2b 00 00 00 48 83 ec 10 c5 fb 11 04 24 e9 1d
0x0000026deb6dd5ff:   00 00 00 48 83 ec 10 48 89 04 24 49 ba 00 00 00
0x0000026deb6dd60f:   00 00 00 00 00 4c 89 54 24 08 e9 01 00 00 00 50
0x0000026deb6dd61f:   4c 89 6d c0 41 0f b7 55 01 48 8b 4d d0 c1 e2 02
0x0000026deb6dd62f:   8b 5c d1 20 c1 eb 10 81 e3 ff 00 00 00 81 fb b7
0x0000026deb6dd63f:   00 00 00 0f 84 8a 01 00 00 bb b7 00 00 00 e8 05
0x0000026deb6dd64f:   00 00 00 e9 6f 01 00 00 48 8b d3 48 8d 44 24 08
0x0000026deb6dd65f:   4c 89 6d c0 49 8b cf c5 f8 77 49 89 af 18 03 00
0x0000026deb6dd66f:   00 49 89 87 08 03 00 00 48 83 ec 20 f7 c4 0f 00
0x0000026deb6dd67f:   00 00 0f 84 1a 00 00 00 48 83 ec 08 49 ba 10 cb
0x0000026deb6dd68f:   a8 f0 f9 7f 00 00 41 ff d2 48 83 c4 08 e9 0d 00
0x0000026deb6dd69f:   00 00 49 ba 10 cb a8 f0 f9 7f 00 00 41 ff d2 48
0x0000026deb6dd6af:   83 c4 20 49 ba 00 00 00 00 00 00 00 00 4d 89 97
0x0000026deb6dd6bf:   08 03 00 00 49 ba 00 00 00 00 00 00 00 00 4d 89
0x0000026deb6dd6cf:   97 18 03 00 00 49 ba 00 00 00 00 00 00 00 00 4d
0x0000026deb6dd6df:   89 97 10 03 00 00 c5 f8 77 41 8b 8f 2c 04 00 00
0x0000026deb6dd6ef:   f7 c1 01 00 00 00 0f 84 49 00 00 00 f7 c1 02 00
0x0000026deb6dd6ff:   00 00 0f 85 3d 00 00 00 48 83 ec 20 f7 c4 0f 00
0x0000026deb6dd70f:   00 00 0f 84 1a 00 00 00 48 83 ec 08 49 ba 90 68
0x0000026deb6dd71f:   a8 f0 f9 7f 00 00 41 ff d2 48 83 c4 08 e9 0d 00 


Stack slot to memory mapping:
stack at sp + 0 slots: 0x0000000089cc8fc0 is an oop: java.lang.String 
{0x0000000089cc8fc0} - klass: 'java/lang/String'
stack at sp + 1 slots: 0x0000000089934710 is an oop: java.io.File 
{0x0000000089934710} - klass: 'java/io/File'
stack at sp + 2 slots: 0x0000000089934710 is an oop: java.io.File 
{0x0000000089934710} - klass: 'java/io/File'
stack at sp + 3 slots: 0x000000c49a6ff670 is pointing into the stack for thread: 0x0000026de1c88c20
stack at sp + 4 slots: 0x0000026d824145de is pointing into metadata
stack at sp + 5 slots: 0x000000c49a6ff6f0 is pointing into the stack for thread: 0x0000026de1c88c20
stack at sp + 6 slots: 0x0000026d824146c8 is pointing into metadata
stack at sp + 7 slots: 0x0 is NULL

invokespecial  183 invokespecial  [0x0000026deb6dd5e0, 0x0000026deb6dd9a0]  960 bytes
[MachCode]
  0x0000026deb6dd5e0: 50e9 3900 | 0000 4883 | ec08 c5fa | 1104 24e9 | 2b00 0000 | 4883 ec10 | c5fb 1104 | 24e9 1d00 
  0x0000026deb6dd600: 0000 4883 | ec10 4889 | 0424 49ba | 0000 0000 | 0000 0000 | 4c89 5424 | 08e9 0100 | 0000 504c 
  0x0000026deb6dd620: 896d c041 | 0fb7 5501 | 488b 4dd0 | c1e2 028b | 5cd1 20c1 | eb10 81e3 | ff00 0000 | 81fb b700 
  0x0000026deb6dd640: 0000 0f84 | 8a01 0000 | bbb7 0000 | 00e8 0500 | 0000 e96f | 0100 0048 | 8bd3 488d | 4424 084c 
  0x0000026deb6dd660: 896d c049 | 8bcf c5f8 | 7749 89af | 1803 0000 | 4989 8708 | 0300 0048 | 83ec 20f7 | c40f 0000 
  0x0000026deb6dd680: 000f 841a | 0000 0048 | 83ec 0849 | ba10 cba8 | f0f9 7f00 | 0041 ffd2 | 4883 c408 | e90d 0000 
  0x0000026deb6dd6a0: 0049 ba10 | cba8 f0f9 | 7f00 0041 | ffd2 4883 | c420 49ba | 0000 0000 | 0000 0000 | 4d89 9708 
  0x0000026deb6dd6c0: 0300 0049 | ba00 0000 | 0000 0000 | 004d 8997 | 1803 0000 | 49ba 0000 | 0000 0000 | 0000 4d89 
  0x0000026deb6dd6e0: 9710 0300 | 00c5 f877 | 418b 8f2c | 0400 00f7 | c101 0000 | 000f 8449 | 0000 00f7 | c102 0000 
  0x0000026deb6dd700: 000f 853d | 0000 0048 | 83ec 20f7 | c40f 0000 | 000f 841a | 0000 0048 | 83ec 0849 | ba90 68a8 
  0x0000026deb6dd720: f0f9 7f00 | 0041 ffd2 | 4883 c408 | e90d 0000 | 0049 ba90 | 68a8 f0f9 | 7f00 0041 | ffd2 4883 
  0x0000026deb6dd740: c420 ffe0 | 498b 8f80 | 0400 0048 | 85c9 0f84 | 5600 0000 | 8b49 7c83 | f901 0f85 | 4a00 0000 
  0x0000026deb6dd760: 498b 8f80 | 0400 008b | 8980 0000 | 0048 83ec | 20f7 c40f | 0000 000f | 841a 0000 | 0048 83ec 
  0x0000026deb6dd780: 0849 ba80 | 68a8 f0f9 | 7f00 0041 | ffd2 4883 | c408 e90d | 0000 0049 | ba80 68a8 | f0f9 7f00 
  0x0000026deb6dd7a0: 0041 ffd2 | 4883 c420 | ffe0 4981 | 7f08 0000 | 0000 0f84 | 0500 0000 | e9c3 36fd | ff4c 8b6d 
  0x0000026deb6dd7c0: c04c 8b75 | c8c3 410f | b755 0148 | 8b4d d0c1 | e202 488b | 5cd1 288b | 54d1 388b | ca81 e1ff 
  0x0000026deb6dd7e0: 0000 0048 | 8b4c ccf8 | c1ea 1c49 | ba20 f11e | f1f9 7f00 | 0049 8b14 | d252 483b | 0148 8b45 
  0x0000026deb6dd800: d848 85c0 | 0f84 1200 | 0000 4883 | 4008 0148 | 8358 0800 | 4883 c010 | 4889 45d8 | 488b 45d8 
  0x0000026deb6dd820: 4885 c00f | 8449 0100 | 0080 78f0 | 0a0f 853f | 0100 0048 | 83c0 084c | 8b68 f841 | 83ed 0041 
  0x0000026deb6dd840: 83fd 020f | 8c1e 0100 | 004c 8b6b | 0845 0fb7 | 6d34 4c2b | 2841 83ed | 014e 8b6c | ec08 4d85 
  0x0000026deb6dd860: ed75 0a48 | 8148 0801 | 0000 00eb | 5a45 8b6d | 0849 c1e5 | 0349 ba00 | 0000 0008 | 0000 004d 
  0x0000026deb6dd880: 03ea 4c33 | 6808 49f7 | c5fc ffff | ff74 3849 | f7c5 0200 | 0000 752f | 4881 7808 | 0000 0000 
  0x0000026deb6dd8a0: 7421 4881 | 7808 0100 | 0000 7417 | 4c33 6808 | 49f7 c5fc | ffff ff74 | 0e48 8148 | 0802 0000 
  0x0000026deb6dd8c0: 00eb 044c | 8968 0848 | 83c0 104c | 8b68 e841 | 83ed 0241 | 83fd 020f | 8c8a 0000 | 004c 8b6b 
  0x0000026deb6dd8e0: 0845 0fb7 | 6d34 4c2b | 2841 83ed | 014e 8b6c | ec08 4d85 | ed75 0a48 | 8148 0801 | 0000 00eb 
  0x0000026deb6dd900: 5a45 8b6d | 0849 c1e5 | 0349 ba00 | 0000 0008 | 0000 004d | 03ea 4c33 | 6808 49f7 | c5fc ffff 
  0x0000026deb6dd920: ff74 3849 | f7c5 0200 | 0000 752f | 4881 7808 | 0000 0000 | 7421 4881 | 7808 0100 | 0000 7417 
  0x0000026deb6dd940: 4c33 6808 | 49f7 c5fc | ffff ff74 | 0e48 8148 | 0802 0000 | 00eb 044c | 8968 0848 | 83c0 104c 
  0x0000026deb6dd960: 8b68 d841 | 83ed 0441 | c1e5 0349 | 03c5 4889 | 45d8 4c8d | 6c24 084c | 896d f041 | 80bf 8804 
  0x0000026deb6dd980: 0000 0074 | 03ff 6330 | ff63 480f | 1f44 0000 | 0000 0000 | 0000 0000 | 0000 0000 | 0000 0000 
[/MachCode]

---------------  P R O C E S S  ---------------

Threads class SMR info:
_java_thread_list=0x0000026d82aacab0, length=14, elements={
0x0000026de1c88c20, 0x0000026dffe02480, 0x0000026dffe03860, 0x0000026dffe1cc60,
0x0000026dffe1d620, 0x0000026dffe270f0, 0x0000026dffe2b480, 0x0000026dffe2c830,
0x0000026dffe2f720, 0x0000026d828ba020, 0x0000026d829d29b0, 0x0000026d829a8770,
0x0000026d829a8e50, 0x0000026d828bb360
}

Java Threads: ( => current thread )
=>0x0000026de1c88c20 JavaThread "main" [_thread_in_Java, id=5220, stack(0x000000c49a600000,0x000000c49a700000)]
  0x0000026dffe02480 JavaThread "Reference Handler" daemon [_thread_blocked, id=444, stack(0x000000c49ad00000,0x000000c49ae00000)]
  0x0000026dffe03860 JavaThread "Finalizer" daemon [_thread_blocked, id=5676, stack(0x000000c49ae00000,0x000000c49af00000)]
  0x0000026dffe1cc60 JavaThread "Signal Dispatcher" daemon [_thread_blocked, id=22544, stack(0x000000c49af00000,0x000000c49b000000)]
  0x0000026dffe1d620 JavaThread "Attach Listener" daemon [_thread_blocked, id=6180, stack(0x000000c49b000000,0x000000c49b100000)]
  0x0000026dffe270f0 JavaThread "Service Thread" daemon [_thread_blocked, id=25200, stack(0x000000c49b100000,0x000000c49b200000)]
  0x0000026dffe2b480 JavaThread "C2 CompilerThread0" daemon [_thread_blocked, id=27460, stack(0x000000c49b200000,0x000000c49b300000)]
  0x0000026dffe2c830 JavaThread "C1 CompilerThread0" daemon [_thread_blocked, id=27616, stack(0x000000c49b300000,0x000000c49b400000)]
  0x0000026dffe2f720 JavaThread "Sweeper thread" daemon [_thread_blocked, id=23752, stack(0x000000c49b400000,0x000000c49b500000)]
  0x0000026d828ba020 JavaThread "Common-Cleaner" daemon [_thread_blocked, id=1968, stack(0x000000c49b500000,0x000000c49b600000)]
  0x0000026d829d29b0 JavaThread "JDWP Transport Listener: dt_socket" daemon [_thread_blocked, id=26756, stack(0x000000c49b600000,0x000000c49b700000)]
  0x0000026d829a8770 JavaThread "JDWP Event Helper Thread" daemon [_thread_blocked, id=12068, stack(0x000000c49b700000,0x000000c49b800000)]
  0x0000026d829a8e50 JavaThread "JDWP Command Reader" daemon [_thread_in_native, id=8920, stack(0x000000c49b800000,0x000000c49b900000)]
  0x0000026d828bb360 JavaThread "Notification Thread" daemon [_thread_blocked, id=27372, stack(0x000000c49b900000,0x000000c49ba00000)]

Other Threads:
  0x0000026dffdfcbd0 VMThread "VM Thread" [stack: 0x000000c49ac00000,0x000000c49ad00000] [id=760]
  0x0000026de1c89d50 WatcherThread [stack: 0x000000c49ba00000,0x000000c49bb00000] [id=18988]
  0x0000026de1cc2ce0 GCTaskThread "GC Thread#0" [stack: 0x000000c49a700000,0x000000c49a800000] [id=22940]
  0x0000026de1cd4210 ConcurrentGCThread "G1 Main Marker" [stack: 0x000000c49a800000,0x000000c49a900000] [id=15328]
  0x0000026de1cd4e00 ConcurrentGCThread "G1 Conc#0" [stack: 0x000000c49a900000,0x000000c49aa00000] [id=28140]
  0x0000026de1d50b80 ConcurrentGCThread "G1 Refine#0" [stack: 0x000000c49aa00000,0x000000c49ab00000] [id=22348]
  0x0000026de1d524d0 ConcurrentGCThread "G1 Young RemSet Sampling" [stack: 0x000000c49ab00000,0x000000c49ac00000] [id=26064]

Threads with active compile tasks:

VM state: not at safepoint (normal execution)

VM Mutex/Monitor currently owned by a thread: None

Heap address: 0x0000000081e00000, size: 2018 MB, Compressed Oops mode: 32-bit
CDS archive(s) mapped at: [0x0000000800000000-0x0000000800b50000-0x0000000800b50000), size 11862016, SharedBaseAddress: 0x0000000800000000, ArchiveRelocationMode: 0.
Compressed class space mapped at: 0x0000000800b50000-0x0000000840b50000, size: 1073741824
Narrow klass base: 0x0000000800000000, Narrow klass shift: 3, Narrow klass range: 0x100000000

GC Precious Log:
 CPUs: 4 total, 4 available
 Memory: 8071M
 Large Page Support: Disabled
 NUMA Support: Disabled
 Compressed Oops: Enabled (32-bit)
 Heap Region Size: 1M
 Heap Min Capacity: 8M
 Heap Initial Capacity: 128M
 Heap Max Capacity: 2018M
 Pre-touch: Disabled
 Parallel Workers: 4
 Concurrent Workers: 1
 Concurrent Refinement Workers: 4
 Periodic GC: Disabled

Heap:
 garbage-first heap   total 131072K, used 4096K [0x0000000081e00000, 0x0000000100000000)
  region size 1024K, 5 young (5120K), 0 survivors (0K)
 Metaspace       used 2542K, capacity 4624K, committed 4864K, reserved 1056768K
  class space    used 247K, capacity 432K, committed 512K, reserved 1048576K

Heap Regions: E=young(eden), S=young(survivor), O=old, HS=humongous(starts), HC=humongous(continues), CS=collection set, F=free, OA=open archive, CA=closed archive, TAMS=top-at-mark-start (previous, next)
|   0|0x0000000081e00000, 0x0000000081e00000, 0x0000000081f00000|  0%| F|  |TAMS 0x0000000081e00000, 0x0000000081e00000| Untracked 
|   1|0x0000000081f00000, 0x0000000081f00000, 0x0000000082000000|  0%| F|  |TAMS 0x0000000081f00000, 0x0000000081f00000| Untracked 
|   2|0x0000000082000000, 0x0000000082000000, 0x0000000082100000|  0%| F|  |TAMS 0x0000000082000000, 0x0000000082000000| Untracked 
|   3|0x0000000082100000, 0x0000000082100000, 0x0000000082200000|  0%| F|  |TAMS 0x0000000082100000, 0x0000000082100000| Untracked 
|   4|0x0000000082200000, 0x0000000082200000, 0x0000000082300000|  0%| F|  |TAMS 0x0000000082200000, 0x0000000082200000| Untracked 
|   5|0x0000000082300000, 0x0000000082300000, 0x0000000082400000|  0%| F|  |TAMS 0x0000000082300000, 0x0000000082300000| Untracked 
|   6|0x0000000082400000, 0x0000000082400000, 0x0000000082500000|  0%| F|  |TAMS 0x0000000082400000, 0x0000000082400000| Untracked 
|   7|0x0000000082500000, 0x0000000082500000, 0x0000000082600000|  0%| F|  |TAMS 0x0000000082500000, 0x0000000082500000| Untracked 
|   8|0x0000000082600000, 0x0000000082600000, 0x0000000082700000|  0%| F|  |TAMS 0x0000000082600000, 0x0000000082600000| Untracked 
|   9|0x0000000082700000, 0x0000000082700000, 0x0000000082800000|  0%| F|  |TAMS 0x0000000082700000, 0x0000000082700000| Untracked 
|  10|0x0000000082800000, 0x0000000082800000, 0x0000000082900000|  0%| F|  |TAMS 0x0000000082800000, 0x0000000082800000| Untracked 
|  11|0x0000000082900000, 0x0000000082900000, 0x0000000082a00000|  0%| F|  |TAMS 0x0000000082900000, 0x0000000082900000| Untracked 
|  12|0x0000000082a00000, 0x0000000082a00000, 0x0000000082b00000|  0%| F|  |TAMS 0x0000000082a00000, 0x0000000082a00000| Untracked 
|  13|0x0000000082b00000, 0x0000000082b00000, 0x0000000082c00000|  0%| F|  |TAMS 0x0000000082b00000, 0x0000000082b00000| Untracked 
|  14|0x0000000082c00000, 0x0000000082c00000, 0x0000000082d00000|  0%| F|  |TAMS 0x0000000082c00000, 0x0000000082c00000| Untracked 
|  15|0x0000000082d00000, 0x0000000082d00000, 0x0000000082e00000|  0%| F|  |TAMS 0x0000000082d00000, 0x0000000082d00000| Untracked 
|  16|0x0000000082e00000, 0x0000000082e00000, 0x0000000082f00000|  0%| F|  |TAMS 0x0000000082e00000, 0x0000000082e00000| Untracked 
|  17|0x0000000082f00000, 0x0000000082f00000, 0x0000000083000000|  0%| F|  |TAMS 0x0000000082f00000, 0x0000000082f00000| Untracked 
|  18|0x0000000083000000, 0x0000000083000000, 0x0000000083100000|  0%| F|  |TAMS 0x0000000083000000, 0x0000000083000000| Untracked 
|  19|0x0000000083100000, 0x0000000083100000, 0x0000000083200000|  0%| F|  |TAMS 0x0000000083100000, 0x0000000083100000| Untracked 
|  20|0x0000000083200000, 0x0000000083200000, 0x0000000083300000|  0%| F|  |TAMS 0x0000000083200000, 0x0000000083200000| Untracked 
|  21|0x0000000083300000, 0x0000000083300000, 0x0000000083400000|  0%| F|  |TAMS 0x0000000083300000, 0x0000000083300000| Untracked 
|  22|0x0000000083400000, 0x0000000083400000, 0x0000000083500000|  0%| F|  |TAMS 0x0000000083400000, 0x0000000083400000| Untracked 
|  23|0x0000000083500000, 0x0000000083500000, 0x0000000083600000|  0%| F|  |TAMS 0x0000000083500000, 0x0000000083500000| Untracked 
|  24|0x0000000083600000, 0x0000000083600000, 0x0000000083700000|  0%| F|  |TAMS 0x0000000083600000, 0x0000000083600000| Untracked 
|  25|0x0000000083700000, 0x0000000083700000, 0x0000000083800000|  0%| F|  |TAMS 0x0000000083700000, 0x0000000083700000| Untracked 
|  26|0x0000000083800000, 0x0000000083800000, 0x0000000083900000|  0%| F|  |TAMS 0x0000000083800000, 0x0000000083800000| Untracked 
|  27|0x0000000083900000, 0x0000000083900000, 0x0000000083a00000|  0%| F|  |TAMS 0x0000000083900000, 0x0000000083900000| Untracked 
|  28|0x0000000083a00000, 0x0000000083a00000, 0x0000000083b00000|  0%| F|  |TAMS 0x0000000083a00000, 0x0000000083a00000| Untracked 
|  29|0x0000000083b00000, 0x0000000083b00000, 0x0000000083c00000|  0%| F|  |TAMS 0x0000000083b00000, 0x0000000083b00000| Untracked 
|  30|0x0000000083c00000, 0x0000000083c00000, 0x0000000083d00000|  0%| F|  |TAMS 0x0000000083c00000, 0x0000000083c00000| Untracked 
|  31|0x0000000083d00000, 0x0000000083d00000, 0x0000000083e00000|  0%| F|  |TAMS 0x0000000083d00000, 0x0000000083d00000| Untracked 
|  32|0x0000000083e00000, 0x0000000083e00000, 0x0000000083f00000|  0%| F|  |TAMS 0x0000000083e00000, 0x0000000083e00000| Untracked 
|  33|0x0000000083f00000, 0x0000000083f00000, 0x0000000084000000|  0%| F|  |TAMS 0x0000000083f00000, 0x0000000083f00000| Untracked 
|  34|0x0000000084000000, 0x0000000084000000, 0x0000000084100000|  0%| F|  |TAMS 0x0000000084000000, 0x0000000084000000| Untracked 
|  35|0x0000000084100000, 0x0000000084100000, 0x0000000084200000|  0%| F|  |TAMS 0x0000000084100000, 0x0000000084100000| Untracked 
|  36|0x0000000084200000, 0x0000000084200000, 0x0000000084300000|  0%| F|  |TAMS 0x0000000084200000, 0x0000000084200000| Untracked 
|  37|0x0000000084300000, 0x0000000084300000, 0x0000000084400000|  0%| F|  |TAMS 0x0000000084300000, 0x0000000084300000| Untracked 
|  38|0x0000000084400000, 0x0000000084400000, 0x0000000084500000|  0%| F|  |TAMS 0x0000000084400000, 0x0000000084400000| Untracked 
|  39|0x0000000084500000, 0x0000000084500000, 0x0000000084600000|  0%| F|  |TAMS 0x0000000084500000, 0x0000000084500000| Untracked 
|  40|0x0000000084600000, 0x0000000084600000, 0x0000000084700000|  0%| F|  |TAMS 0x0000000084600000, 0x0000000084600000| Untracked 
|  41|0x0000000084700000, 0x0000000084700000, 0x0000000084800000|  0%| F|  |TAMS 0x0000000084700000, 0x0000000084700000| Untracked 
|  42|0x0000000084800000, 0x0000000084800000, 0x0000000084900000|  0%| F|  |TAMS 0x0000000084800000, 0x0000000084800000| Untracked 
|  43|0x0000000084900000, 0x0000000084900000, 0x0000000084a00000|  0%| F|  |TAMS 0x0000000084900000, 0x0000000084900000| Untracked 
|  44|0x0000000084a00000, 0x0000000084a00000, 0x0000000084b00000|  0%| F|  |TAMS 0x0000000084a00000, 0x0000000084a00000| Untracked 
|  45|0x0000000084b00000, 0x0000000084b00000, 0x0000000084c00000|  0%| F|  |TAMS 0x0000000084b00000, 0x0000000084b00000| Untracked 
|  46|0x0000000084c00000, 0x0000000084c00000, 0x0000000084d00000|  0%| F|  |TAMS 0x0000000084c00000, 0x0000000084c00000| Untracked 
|  47|0x0000000084d00000, 0x0000000084d00000, 0x0000000084e00000|  0%| F|  |TAMS 0x0000000084d00000, 0x0000000084d00000| Untracked 
|  48|0x0000000084e00000, 0x0000000084e00000, 0x0000000084f00000|  0%| F|  |TAMS 0x0000000084e00000, 0x0000000084e00000| Untracked 
|  49|0x0000000084f00000, 0x0000000084f00000, 0x0000000085000000|  0%| F|  |TAMS 0x0000000084f00000, 0x0000000084f00000| Untracked 
|  50|0x0000000085000000, 0x0000000085000000, 0x0000000085100000|  0%| F|  |TAMS 0x0000000085000000, 0x0000000085000000| Untracked 
|  51|0x0000000085100000, 0x0000000085100000, 0x0000000085200000|  0%| F|  |TAMS 0x0000000085100000, 0x0000000085100000| Untracked 
|  52|0x0000000085200000, 0x0000000085200000, 0x0000000085300000|  0%| F|  |TAMS 0x0000000085200000, 0x0000000085200000| Untracked 
|  53|0x0000000085300000, 0x0000000085300000, 0x0000000085400000|  0%| F|  |TAMS 0x0000000085300000, 0x0000000085300000| Untracked 
|  54|0x0000000085400000, 0x0000000085400000, 0x0000000085500000|  0%| F|  |TAMS 0x0000000085400000, 0x0000000085400000| Untracked 
|  55|0x0000000085500000, 0x0000000085500000, 0x0000000085600000|  0%| F|  |TAMS 0x0000000085500000, 0x0000000085500000| Untracked 
|  56|0x0000000085600000, 0x0000000085600000, 0x0000000085700000|  0%| F|  |TAMS 0x0000000085600000, 0x0000000085600000| Untracked 
|  57|0x0000000085700000, 0x0000000085700000, 0x0000000085800000|  0%| F|  |TAMS 0x0000000085700000, 0x0000000085700000| Untracked 
|  58|0x0000000085800000, 0x0000000085800000, 0x0000000085900000|  0%| F|  |TAMS 0x0000000085800000, 0x0000000085800000| Untracked 
|  59|0x0000000085900000, 0x0000000085900000, 0x0000000085a00000|  0%| F|  |TAMS 0x0000000085900000, 0x0000000085900000| Untracked 
|  60|0x0000000085a00000, 0x0000000085a00000, 0x0000000085b00000|  0%| F|  |TAMS 0x0000000085a00000, 0x0000000085a00000| Untracked 
|  61|0x0000000085b00000, 0x0000000085b00000, 0x0000000085c00000|  0%| F|  |TAMS 0x0000000085b00000, 0x0000000085b00000| Untracked 
|  62|0x0000000085c00000, 0x0000000085c00000, 0x0000000085d00000|  0%| F|  |TAMS 0x0000000085c00000, 0x0000000085c00000| Untracked 
|  63|0x0000000085d00000, 0x0000000085d00000, 0x0000000085e00000|  0%| F|  |TAMS 0x0000000085d00000, 0x0000000085d00000| Untracked 
|  64|0x0000000085e00000, 0x0000000085e00000, 0x0000000085f00000|  0%| F|  |TAMS 0x0000000085e00000, 0x0000000085e00000| Untracked 
|  65|0x0000000085f00000, 0x0000000085f00000, 0x0000000086000000|  0%| F|  |TAMS 0x0000000085f00000, 0x0000000085f00000| Untracked 
|  66|0x0000000086000000, 0x0000000086000000, 0x0000000086100000|  0%| F|  |TAMS 0x0000000086000000, 0x0000000086000000| Untracked 
|  67|0x0000000086100000, 0x0000000086100000, 0x0000000086200000|  0%| F|  |TAMS 0x0000000086100000, 0x0000000086100000| Untracked 
|  68|0x0000000086200000, 0x0000000086200000, 0x0000000086300000|  0%| F|  |TAMS 0x0000000086200000, 0x0000000086200000| Untracked 
|  69|0x0000000086300000, 0x0000000086300000, 0x0000000086400000|  0%| F|  |TAMS 0x0000000086300000, 0x0000000086300000| Untracked 
|  70|0x0000000086400000, 0x0000000086400000, 0x0000000086500000|  0%| F|  |TAMS 0x0000000086400000, 0x0000000086400000| Untracked 
|  71|0x0000000086500000, 0x0000000086500000, 0x0000000086600000|  0%| F|  |TAMS 0x0000000086500000, 0x0000000086500000| Untracked 
|  72|0x0000000086600000, 0x0000000086600000, 0x0000000086700000|  0%| F|  |TAMS 0x0000000086600000, 0x0000000086600000| Untracked 
|  73|0x0000000086700000, 0x0000000086700000, 0x0000000086800000|  0%| F|  |TAMS 0x0000000086700000, 0x0000000086700000| Untracked 
|  74|0x0000000086800000, 0x0000000086800000, 0x0000000086900000|  0%| F|  |TAMS 0x0000000086800000, 0x0000000086800000| Untracked 
|  75|0x0000000086900000, 0x0000000086900000, 0x0000000086a00000|  0%| F|  |TAMS 0x0000000086900000, 0x0000000086900000| Untracked 
|  76|0x0000000086a00000, 0x0000000086a00000, 0x0000000086b00000|  0%| F|  |TAMS 0x0000000086a00000, 0x0000000086a00000| Untracked 
|  77|0x0000000086b00000, 0x0000000086b00000, 0x0000000086c00000|  0%| F|  |TAMS 0x0000000086b00000, 0x0000000086b00000| Untracked 
|  78|0x0000000086c00000, 0x0000000086c00000, 0x0000000086d00000|  0%| F|  |TAMS 0x0000000086c00000, 0x0000000086c00000| Untracked 
|  79|0x0000000086d00000, 0x0000000086d00000, 0x0000000086e00000|  0%| F|  |TAMS 0x0000000086d00000, 0x0000000086d00000| Untracked 
|  80|0x0000000086e00000, 0x0000000086e00000, 0x0000000086f00000|  0%| F|  |TAMS 0x0000000086e00000, 0x0000000086e00000| Untracked 
|  81|0x0000000086f00000, 0x0000000086f00000, 0x0000000087000000|  0%| F|  |TAMS 0x0000000086f00000, 0x0000000086f00000| Untracked 
|  82|0x0000000087000000, 0x0000000087000000, 0x0000000087100000|  0%| F|  |TAMS 0x0000000087000000, 0x0000000087000000| Untracked 
|  83|0x0000000087100000, 0x0000000087100000, 0x0000000087200000|  0%| F|  |TAMS 0x0000000087100000, 0x0000000087100000| Untracked 
|  84|0x0000000087200000, 0x0000000087200000, 0x0000000087300000|  0%| F|  |TAMS 0x0000000087200000, 0x0000000087200000| Untracked 
|  85|0x0000000087300000, 0x0000000087300000, 0x0000000087400000|  0%| F|  |TAMS 0x0000000087300000, 0x0000000087300000| Untracked 
|  86|0x0000000087400000, 0x0000000087400000, 0x0000000087500000|  0%| F|  |TAMS 0x0000000087400000, 0x0000000087400000| Untracked 
|  87|0x0000000087500000, 0x0000000087500000, 0x0000000087600000|  0%| F|  |TAMS 0x0000000087500000, 0x0000000087500000| Untracked 
|  88|0x0000000087600000, 0x0000000087600000, 0x0000000087700000|  0%| F|  |TAMS 0x0000000087600000, 0x0000000087600000| Untracked 
|  89|0x0000000087700000, 0x0000000087700000, 0x0000000087800000|  0%| F|  |TAMS 0x0000000087700000, 0x0000000087700000| Untracked 
|  90|0x0000000087800000, 0x0000000087800000, 0x0000000087900000|  0%| F|  |TAMS 0x0000000087800000, 0x0000000087800000| Untracked 
|  91|0x0000000087900000, 0x0000000087900000, 0x0000000087a00000|  0%| F|  |TAMS 0x0000000087900000, 0x0000000087900000| Untracked 
|  92|0x0000000087a00000, 0x0000000087a00000, 0x0000000087b00000|  0%| F|  |TAMS 0x0000000087a00000, 0x0000000087a00000| Untracked 
|  93|0x0000000087b00000, 0x0000000087b00000, 0x0000000087c00000|  0%| F|  |TAMS 0x0000000087b00000, 0x0000000087b00000| Untracked 
|  94|0x0000000087c00000, 0x0000000087c00000, 0x0000000087d00000|  0%| F|  |TAMS 0x0000000087c00000, 0x0000000087c00000| Untracked 
|  95|0x0000000087d00000, 0x0000000087d00000, 0x0000000087e00000|  0%| F|  |TAMS 0x0000000087d00000, 0x0000000087d00000| Untracked 
|  96|0x0000000087e00000, 0x0000000087e00000, 0x0000000087f00000|  0%| F|  |TAMS 0x0000000087e00000, 0x0000000087e00000| Untracked 
|  97|0x0000000087f00000, 0x0000000087f00000, 0x0000000088000000|  0%| F|  |TAMS 0x0000000087f00000, 0x0000000087f00000| Untracked 
|  98|0x0000000088000000, 0x0000000088000000, 0x0000000088100000|  0%| F|  |TAMS 0x0000000088000000, 0x0000000088000000| Untracked 
|  99|0x0000000088100000, 0x0000000088100000, 0x0000000088200000|  0%| F|  |TAMS 0x0000000088100000, 0x0000000088100000| Untracked 
| 100|0x0000000088200000, 0x0000000088200000, 0x0000000088300000|  0%| F|  |TAMS 0x0000000088200000, 0x0000000088200000| Untracked 
| 101|0x0000000088300000, 0x0000000088300000, 0x0000000088400000|  0%| F|  |TAMS 0x0000000088300000, 0x0000000088300000| Untracked 
| 102|0x0000000088400000, 0x0000000088400000, 0x0000000088500000|  0%| F|  |TAMS 0x0000000088400000, 0x0000000088400000| Untracked 
| 103|0x0000000088500000, 0x0000000088500000, 0x0000000088600000|  0%| F|  |TAMS 0x0000000088500000, 0x0000000088500000| Untracked 
| 104|0x0000000088600000, 0x0000000088600000, 0x0000000088700000|  0%| F|  |TAMS 0x0000000088600000, 0x0000000088600000| Untracked 
| 105|0x0000000088700000, 0x0000000088700000, 0x0000000088800000|  0%| F|  |TAMS 0x0000000088700000, 0x0000000088700000| Untracked 
| 106|0x0000000088800000, 0x0000000088800000, 0x0000000088900000|  0%| F|  |TAMS 0x0000000088800000, 0x0000000088800000| Untracked 
| 107|0x0000000088900000, 0x0000000088900000, 0x0000000088a00000|  0%| F|  |TAMS 0x0000000088900000, 0x0000000088900000| Untracked 
| 108|0x0000000088a00000, 0x0000000088a00000, 0x0000000088b00000|  0%| F|  |TAMS 0x0000000088a00000, 0x0000000088a00000| Untracked 
| 109|0x0000000088b00000, 0x0000000088b00000, 0x0000000088c00000|  0%| F|  |TAMS 0x0000000088b00000, 0x0000000088b00000| Untracked 
| 110|0x0000000088c00000, 0x0000000088c00000, 0x0000000088d00000|  0%| F|  |TAMS 0x0000000088c00000, 0x0000000088c00000| Untracked 
| 111|0x0000000088d00000, 0x0000000088d00000, 0x0000000088e00000|  0%| F|  |TAMS 0x0000000088d00000, 0x0000000088d00000| Untracked 
| 112|0x0000000088e00000, 0x0000000088e00000, 0x0000000088f00000|  0%| F|  |TAMS 0x0000000088e00000, 0x0000000088e00000| Untracked 
| 113|0x0000000088f00000, 0x0000000088f00000, 0x0000000089000000|  0%| F|  |TAMS 0x0000000088f00000, 0x0000000088f00000| Untracked 
| 114|0x0000000089000000, 0x0000000089000000, 0x0000000089100000|  0%| F|  |TAMS 0x0000000089000000, 0x0000000089000000| Untracked 
| 115|0x0000000089100000, 0x0000000089100000, 0x0000000089200000|  0%| F|  |TAMS 0x0000000089100000, 0x0000000089100000| Untracked 
| 116|0x0000000089200000, 0x0000000089200000, 0x0000000089300000|  0%| F|  |TAMS 0x0000000089200000, 0x0000000089200000| Untracked 
| 117|0x0000000089300000, 0x0000000089300000, 0x0000000089400000|  0%| F|  |TAMS 0x0000000089300000, 0x0000000089300000| Untracked 
| 118|0x0000000089400000, 0x0000000089400000, 0x0000000089500000|  0%| F|  |TAMS 0x0000000089400000, 0x0000000089400000| Untracked 
| 119|0x0000000089500000, 0x0000000089500000, 0x0000000089600000|  0%| F|  |TAMS 0x0000000089500000, 0x0000000089500000| Untracked 
| 120|0x0000000089600000, 0x0000000089600000, 0x0000000089700000|  0%| F|  |TAMS 0x0000000089600000, 0x0000000089600000| Untracked 
| 121|0x0000000089700000, 0x0000000089700000, 0x0000000089800000|  0%| F|  |TAMS 0x0000000089700000, 0x0000000089700000| Untracked 
| 122|0x0000000089800000, 0x0000000089800000, 0x0000000089900000|  0%| F|  |TAMS 0x0000000089800000, 0x0000000089800000| Untracked 
| 123|0x0000000089900000, 0x0000000089943168, 0x0000000089a00000| 26%| E|  |TAMS 0x0000000089900000, 0x0000000089900000| Complete 
| 124|0x0000000089a00000, 0x0000000089b00000, 0x0000000089b00000|100%| E|CS|TAMS 0x0000000089a00000, 0x0000000089a00000| Complete 
| 125|0x0000000089b00000, 0x0000000089c00000, 0x0000000089c00000|100%| E|CS|TAMS 0x0000000089b00000, 0x0000000089b00000| Complete 
| 126|0x0000000089c00000, 0x0000000089d00000, 0x0000000089d00000|100%| E|CS|TAMS 0x0000000089c00000, 0x0000000089c00000| Complete 
| 127|0x0000000089d00000, 0x0000000089e00000, 0x0000000089e00000|100%| E|CS|TAMS 0x0000000089d00000, 0x0000000089d00000| Complete 

Card table byte_map: [0x0000026dfb0d0000,0x0000026dfb4d0000] _byte_map_base: 0x0000026dfacc1000

Marking Bits (Prev, Next): (CMBitMap*) 0x0000026de1cc34d0, (CMBitMap*) 0x0000026de1cc3510
 Prev Bits: [0x0000026dfb8d0000, 0x0000026dfd858000)
 Next Bits: [0x0000026dfd860000, 0x0000026dff7e8000)

Polling page: 0x0000026de1d60000

Metaspace:

Usage:
  Non-class:      4.09 MB capacity,     2.24 MB ( 55%) used,     1.85 MB ( 45%) free+waste,     1.00 KB ( <1%) overhead. 
      Class:    432.00 KB capacity,   247.08 KB ( 57%) used,   184.17 KB ( 43%) free+waste,   768 bytes ( <1%) overhead. 
       Both:      4.52 MB capacity,     2.48 MB ( 55%) used,     2.03 MB ( 45%) free+waste,     1.75 KB ( <1%) overhead. 

Virtual space:
  Non-class space:        8.00 MB reserved,       4.25 MB ( 53%) committed 
      Class space:        1.00 GB reserved,     512.00 KB ( <1%) committed 
             Both:        1.01 GB reserved,       4.75 MB ( <1%) committed 

Chunk freelists:
   Non-Class:  32.00 KB
       Class:  16.00 KB
        Both:  48.00 KB

MaxMetaspaceSize: 17179869184.00 GB
CompressedClassSpaceSize: 1.00 GB

CodeHeap 'non-profiled nmethods': size=120000Kb used=129Kb max_used=129Kb free=119870Kb
 bounds [0x0000026df3180000, 0x0000026df33f0000, 0x0000026dfa6b0000]
CodeHeap 'profiled nmethods': size=120000Kb used=580Kb max_used=580Kb free=119419Kb
 bounds [0x0000026debc50000, 0x0000026debec0000, 0x0000026df3180000]
CodeHeap 'non-nmethods': size=5760Kb used=1225Kb max_used=1240Kb free=4534Kb
 bounds [0x0000026deb6b0000, 0x0000026deb920000, 0x0000026debc50000]
 total_blobs=823 nmethods=434 adapters=302
 compilation: enabled
              stopped_count=0, restarted_count=0
 full_count=0

Compilation events (20 events):
Event: 0.392 Thread 0x0000026dffe2c830  425       3       jdk.internal.org.objectweb.asm.ByteVector::put12 (64 bytes)
Event: 0.392 Thread 0x0000026dffe2c830 nmethod 425 0x0000026debcdef90 code [0x0000026debcdf140, 0x0000026debcdf368]
Event: 0.393 Thread 0x0000026dffe2c830  426       3       java.lang.StringUTF16::getChar (60 bytes)
Event: 0.393 Thread 0x0000026dffe2c830 nmethod 426 0x0000026debcdf510 code [0x0000026debcdf6a0, 0x0000026debcdf7f8]
Event: 0.393 Thread 0x0000026dffe2b480  427       4       java.lang.StringUTF16::getChar (60 bytes)
Event: 0.394 Thread 0x0000026dffe2b480 nmethod 427 0x0000026df319fd10 code [0x0000026df319fe80, 0x0000026df319ff58]
Event: 0.395 Thread 0x0000026dffe2c830  428       3       java.lang.String::startsWith (7 bytes)
Event: 0.396 Thread 0x0000026dffe2c830 nmethod 428 0x0000026debcdf910 code [0x0000026debcdfac0, 0x0000026debcdfc08]
Event: 169.866 Thread 0x0000026dffe2c830  429       3       java.lang.String::isLatin1 (19 bytes)
Event: 169.867 Thread 0x0000026dffe2c830 nmethod 429 0x0000026debcdfc90 code [0x0000026debcdfe20, 0x0000026debcdff98]
Event: 169.867 Thread 0x0000026dffe2c830  430       3       java.lang.String::charAt (25 bytes)
Event: 169.867 Thread 0x0000026dffe2c830 nmethod 430 0x0000026debce0010 code [0x0000026debce0200, 0x0000026debce0718]
Event: 169.867 Thread 0x0000026dffe2b480  434       4       java.util.zip.ZipUtils::SH (21 bytes)
Event: 169.867 Thread 0x0000026dffe2c830  431       3       java.util.Objects::requireNonNull (15 bytes)
Event: 169.868 Thread 0x0000026dffe2c830 nmethod 431 0x0000026debce0990 code [0x0000026debce0b40, 0x0000026debce0d48]
Event: 169.868 Thread 0x0000026dffe2c830  432       3       java.util.zip.ZipUtils::LG (22 bytes)
Event: 169.868 Thread 0x0000026dffe2c830 nmethod 432 0x0000026debce0e10 code [0x0000026debce0fc0, 0x0000026debce1238]
Event: 169.868 Thread 0x0000026dffe2c830  433       1       java.util.jar.Attributes$Name::hashCode (5 bytes)
Event: 169.868 Thread 0x0000026dffe2c830 nmethod 433 0x0000026df31a0010 code [0x0000026df31a01a0, 0x0000026df31a0258]
Event: 169.869 Thread 0x0000026dffe2b480 nmethod 434 0x0000026df31a0310 code [0x0000026df31a0480, 0x0000026df31a0558]

GC Heap History (0 events):
No events

Deoptimization events (16 events):
Event: 0.265 Thread 0x0000026de1c88c20 Uncommon trap: trap_request=0xffffff45 fr.pc=0x0000026df318d6cc relative=0x0000000000000bec
Event: 0.265 Thread 0x0000026de1c88c20 Uncommon trap: reason=unstable_if action=reinterpret pc=0x0000026df318d6cc method=java.util.HashMap.putVal(ILjava/lang/Object;Ljava/lang/Object;ZZ)Ljava/lang/Object; @ 181 c2
Event: 0.265 Thread 0x0000026de1c88c20 DEOPT PACKING pc=0x0000026df318d6cc sp=0x000000c49a6fe420
Event: 0.265 Thread 0x0000026de1c88c20 DEOPT UNPACKING pc=0x0000026deb6fe42f sp=0x000000c49a6fe3e0 mode 2
Event: 0.392 Thread 0x0000026de1c88c20 Uncommon trap: trap_request=0xffffff45 fr.pc=0x0000026df319f6dc relative=0x000000000000005c
Event: 0.392 Thread 0x0000026de1c88c20 Uncommon trap: reason=unstable_if action=reinterpret pc=0x0000026df319f6dc method=java.lang.String.isLatin1()Z @ 10 c2
Event: 0.392 Thread 0x0000026de1c88c20 DEOPT PACKING pc=0x0000026df319f6dc sp=0x000000c49a6fe0b0
Event: 0.392 Thread 0x0000026de1c88c20 DEOPT UNPACKING pc=0x0000026deb6fe42f sp=0x000000c49a6fe050 mode 2
Event: 0.392 Thread 0x0000026de1c88c20 Uncommon trap: trap_request=0xffffff45 fr.pc=0x0000026df3193644 relative=0x0000000000000044
Event: 0.392 Thread 0x0000026de1c88c20 Uncommon trap: reason=unstable_if action=reinterpret pc=0x0000026df3193644 method=java.lang.CharacterData.of(I)Ljava/lang/CharacterData; @ 4 c2
Event: 0.392 Thread 0x0000026de1c88c20 DEOPT PACKING pc=0x0000026df3193644 sp=0x000000c49a6fdbf0
Event: 0.392 Thread 0x0000026de1c88c20 DEOPT UNPACKING pc=0x0000026deb6fe42f sp=0x000000c49a6fdb90 mode 2
Event: 0.397 Thread 0x0000026de1c88c20 Uncommon trap: trap_request=0xffffff45 fr.pc=0x0000026df318e6f8 relative=0x00000000000000d8
Event: 0.397 Thread 0x0000026de1c88c20 Uncommon trap: reason=unstable_if action=reinterpret pc=0x0000026df318e6f8 method=java.lang.String.isLatin1()Z @ 10 c2
Event: 0.397 Thread 0x0000026de1c88c20 DEOPT PACKING pc=0x0000026df318e6f8 sp=0x000000c49a6ff0d0
Event: 0.397 Thread 0x0000026de1c88c20 DEOPT UNPACKING pc=0x0000026deb6fe42f sp=0x000000c49a6ff020 mode 2

Classes unloaded (0 events):
No events

Classes redefined (6 events):
Event: 66.485 Thread 0x0000026dffdfcbd0 redefined class name=main.Main, count=1
Event: 111.285 Thread 0x0000026dffdfcbd0 redefined class name=main.Main, count=2
Event: 157.465 Thread 0x0000026dffdfcbd0 redefined class name=main.Main, count=3
Event: 169.870 Thread 0x0000026dffdfcbd0 redefined class name=main.Main, count=4
Event: 265.833 Thread 0x0000026dffdfcbd0 redefined class name=main.Main, count=5
Event: 450.845 Thread 0x0000026dffdfcbd0 redefined class name=main.Main, count=6

Internal exceptions (3 events):
Event: 0.257 Thread 0x0000026de1c88c20 Exception <a 'java/lang/NoSuchMethodError'{0x0000000089b23148}: 'void java.lang.invoke.DirectMethodHandle$Holder.invokeStatic(java.lang.Object, java.lang.Object)'> (0x0000000089b23148) 
thrown [./open/src/hotspot/share/interpreter/linkResolver.cpp, line 782]
Event: 0.258 Thread 0x0000026de1c88c20 Exception <a 'java/lang/NoSuchMethodError'{0x0000000089b26df0}: 'void java.lang.invoke.DirectMethodHandle$Holder.invokeStaticInit(java.lang.Object, java.lang.Object)'> (0x0000000089b26df0) 
thrown [./open/src/hotspot/share/interpreter/linkResolver.cpp, line 782]
Event: 0.370 Thread 0x0000026de1c88c20 Exception <a 'java/lang/NoSuchMethodError'{0x0000000089ac06d8}: 'java.lang.Object java.lang.invoke.DirectMethodHandle$Holder.invokeStatic(java.lang.Object)'> (0x0000000089ac06d8) 
thrown [./open/src/hotspot/share/interpreter/linkResolver.cpp, line 782]

Events (20 events):
Event: 480.905 Executing VM operation: GetFrameCount
Event: 480.905 Executing VM operation: GetFrameCount done
Event: 480.919 Executing VM operation: GetFrameCount
Event: 480.919 Executing VM operation: GetFrameCount done
Event: 493.940 Executing VM operation: GetFrameCount
Event: 493.940 Executing VM operation: GetFrameCount done
Event: 493.953 Executing VM operation: GetFrameCount
Event: 493.954 Executing VM operation: GetFrameCount done
Event: 494.778 Executing VM operation: GetFrameCount
Event: 494.778 Executing VM operation: GetFrameCount done
Event: 494.778 Executing VM operation: SetFramePop
Event: 494.778 Executing VM operation: SetFramePop done
Event: 494.779 Executing VM operation: GetFrameLocation
Event: 494.779 Executing VM operation: GetFrameLocation done
Event: 494.779 Executing VM operation: GetCurrentLocation
Event: 494.779 Executing VM operation: GetCurrentLocation done
Event: 494.779 Executing VM operation: ChangeSingleStep
Event: 494.779 Executing VM operation: ChangeSingleStep done
Event: 494.782 Executing VM operation: GetFrameLocation
Event: 494.782 Executing VM operation: GetFrameLocation done


Dynamic libraries:
0x00007ff7643e0000 - 0x00007ff7643ef000 	C:\Program Files\Java\jdk-15.0.2\bin\javaw.exe
0x00007ffad37d0000 - 0x00007ffad39c5000 	C:\WINDOWS\SYSTEM32\ntdll.dll
0x00007ffad21d0000 - 0x00007ffad228e000 	C:\WINDOWS\System32\KERNEL32.DLL
0x00007ffad10a0000 - 0x00007ffad1368000 	C:\WINDOWS\System32\KERNELBASE.dll
0x00007ffad13d0000 - 0x00007ffad14d0000 	C:\WINDOWS\System32\ucrtbase.dll
0x00007ffab01d0000 - 0x00007ffab01e9000 	C:\Program Files\Java\jdk-15.0.2\bin\VCRUNTIME140.dll
0x00007ffaaf900000 - 0x00007ffaaf918000 	C:\Program Files\Java\jdk-15.0.2\bin\jli.dll
0x00007ffad2290000 - 0x00007ffad233e000 	C:\WINDOWS\System32\ADVAPI32.dll
0x00007ffad2460000 - 0x00007ffad24fe000 	C:\WINDOWS\System32\msvcrt.dll
0x00007ffad1c00000 - 0x00007ffad1c9c000 	C:\WINDOWS\System32\sechost.dll
0x00007ffad2f10000 - 0x00007ffad3035000 	C:\WINDOWS\System32\RPCRT4.dll
0x00007ffad1a40000 - 0x00007ffad1be1000 	C:\WINDOWS\System32\USER32.dll
0x00007ffad0ee0000 - 0x00007ffad0f02000 	C:\WINDOWS\System32\win32u.dll
0x00007ffabdc40000 - 0x00007ffabdeda000 	C:\WINDOWS\WinSxS\amd64_microsoft.windows.common-controls_6595b64144ccf1df_6.0.19041.1110_none_60b5254171f9507e\COMCTL32.dll
0x00007ffad1d20000 - 0x00007ffad1d4b000 	C:\WINDOWS\System32\GDI32.dll
0x00007ffad0f60000 - 0x00007ffad106d000 	C:\WINDOWS\System32\gdi32full.dll
0x00007ffad14d0000 - 0x00007ffad156d000 	C:\WINDOWS\System32\msvcp_win.dll
0x00007ffabfc90000 - 0x00007ffabfc9a000 	C:\WINDOWS\SYSTEM32\VERSION.dll
0x00007ffad3760000 - 0x00007ffad3790000 	C:\WINDOWS\System32\IMM32.DLL
0x00007ffabf7b0000 - 0x00007ffabf7bc000 	C:\Program Files\Java\jdk-15.0.2\bin\vcruntime140_1.dll
0x00007ffa8cc10000 - 0x00007ffa8cca1000 	C:\Program Files\Java\jdk-15.0.2\bin\msvcp140.dll
0x00007ff9f0740000 - 0x00007ff9f129e000 	C:\Program Files\Java\jdk-15.0.2\bin\server\jvm.dll
0x00007ffad1bf0000 - 0x00007ffad1bf8000 	C:\WINDOWS\System32\PSAPI.DLL
0x00007ffab8150000 - 0x00007ffab8159000 	C:\WINDOWS\SYSTEM32\WSOCK32.dll
0x00007ffabdee0000 - 0x00007ffabdf07000 	C:\WINDOWS\SYSTEM32\WINMM.dll
0x00007ffad23d0000 - 0x00007ffad243b000 	C:\WINDOWS\System32\WS2_32.dll
0x00007ffacede0000 - 0x00007ffacedf2000 	C:\WINDOWS\SYSTEM32\kernel.appcore.dll
0x00007ffabada0000 - 0x00007ffabadaa000 	C:\Program Files\Java\jdk-15.0.2\bin\jimage.dll
0x00007fface200000 - 0x00007fface3e4000 	C:\WINDOWS\SYSTEM32\DBGHELP.DLL
0x00007ffac0120000 - 0x00007ffac014c000 	C:\WINDOWS\SYSTEM32\dbgcore.DLL
0x00007ffad1780000 - 0x00007ffad1802000 	C:\WINDOWS\System32\bcryptPrimitives.dll
0x00007ffaa2d20000 - 0x00007ffaa2d59000 	C:\Program Files\Java\jdk-15.0.2\bin\jdwp.dll
0x00007ffaaf8f0000 - 0x00007ffaaf8fe000 	C:\Program Files\Java\jdk-15.0.2\bin\instrument.dll
0x00007ffab0230000 - 0x00007ffab0255000 	C:\Program Files\Java\jdk-15.0.2\bin\java.dll
0x00007ffad2610000 - 0x00007ffad2d54000 	C:\WINDOWS\System32\SHELL32.dll
0x00007ffacefb0000 - 0x00007ffacf745000 	C:\WINDOWS\SYSTEM32\windows.storage.dll
0x00007ffad31d0000 - 0x00007ffad3525000 	C:\WINDOWS\System32\combase.dll
0x00007ffad0930000 - 0x00007ffad095e000 	C:\WINDOWS\SYSTEM32\Wldp.dll
0x00007ffad1870000 - 0x00007ffad191d000 	C:\WINDOWS\System32\SHCORE.dll
0x00007ffad1810000 - 0x00007ffad1865000 	C:\WINDOWS\System32\shlwapi.dll
0x00007ffad0e20000 - 0x00007ffad0e3f000 	C:\WINDOWS\SYSTEM32\profapi.dll
0x00007ffaaf8e0000 - 0x00007ffaaf8eb000 	C:\Program Files\Java\jdk-15.0.2\bin\dt_socket.dll
0x00007ffad0330000 - 0x00007ffad036b000 	C:\WINDOWS\SYSTEM32\IPHLPAPI.DLL
0x00007ffad0690000 - 0x00007ffad06fa000 	C:\WINDOWS\system32\mswsock.dll
0x00007ffad03c0000 - 0x00007ffad048b000 	C:\WINDOWS\SYSTEM32\DNSAPI.dll
0x00007ffad2440000 - 0x00007ffad2448000 	C:\WINDOWS\System32\NSI.dll
0x00007ffac07d0000 - 0x00007ffac07da000 	C:\Windows\System32\rasadhlp.dll
0x00007ffac01d0000 - 0x00007ffac024f000 	C:\WINDOWS\System32\fwpuclnt.dll
0x00007ffad1070000 - 0x00007ffad1097000 	C:\WINDOWS\System32\bcrypt.dll
0x00007ffaa4530000 - 0x00007ffaa4548000 	C:\Program Files\Java\jdk-15.0.2\bin\zip.dll
0x00007ffab0550000 - 0x00007ffab0569000 	C:\Program Files\Java\jdk-15.0.2\bin\net.dll
0x00007ffac8570000 - 0x00007ffac867c000 	C:\WINDOWS\SYSTEM32\WINHTTP.dll
0x00007ffab0210000 - 0x00007ffab0222000 	C:\Program Files\Java\jdk-15.0.2\bin\nio.dll

dbghelp: loaded successfully - version: 4.0.5 - missing functions: none
symbol engine: initialized successfully - sym options: 0x614 - pdb path: .;C:\Program Files\Java\jdk-15.0.2\bin;C:\WINDOWS\SYSTEM32;C:\WINDOWS\WinSxS\amd64_microsoft.windows.common-controls_6595b64144ccf1df_6.0.19041.1110_none_60b5254171f9507e;C:\Program Files\Java\jdk-15.0.2\bin\server

VM Arguments:
jvm_args: -agentlib:jdwp=transport=dt_socket,suspend=y,address=localhost:61723 -javaagent:C:\Users\osama\eclipse\java-2019-09\eclipse\configuration\org.eclipse.osgi\229\0\.cp\lib\javaagent-shaded.jar -Dfile.encoding=Cp1252 
java_command: main.Main
java_class_path (initial): C:\Users\osama\eclipse-workspace\JSONConversion\bin;C:\Users\osama\Downloads\jar_files\jankson-1.2.1.jar;C:\Users\osama\Downloads\jar_files\json-simple-1.1.1.jar
Launcher Type: SUN_STANDARD

[Global flags]
     intx CICompilerCount                          = 3                                         {product} {ergonomic}
     uint ConcGCThreads                            = 1                                         {product} {ergonomic}
     uint G1ConcRefinementThreads                  = 4                                         {product} {ergonomic}
   size_t G1HeapRegionSize                         = 1048576                                   {product} {ergonomic}
    uintx GCDrainStackTargetSize                   = 64                                        {product} {ergonomic}
   size_t InitialHeapSize                          = 134217728                                 {product} {ergonomic}
   size_t MarkStackSize                            = 4194304                                   {product} {ergonomic}
   size_t MaxHeapSize                              = 2116026368                                {product} {ergonomic}
   size_t MaxNewSize                               = 1268776960                                {product} {ergonomic}
   size_t MinHeapDeltaBytes                        = 1048576                                   {product} {ergonomic}
   size_t MinHeapSize                              = 8388608                                   {product} {ergonomic}
    uintx NonNMethodCodeHeapSize                   = 5832780                                {pd product} {ergonomic}
    uintx NonProfiledCodeHeapSize                  = 122912730                              {pd product} {ergonomic}
    uintx ProfiledCodeHeapSize                     = 122912730                              {pd product} {ergonomic}
    uintx ReservedCodeCacheSize                    = 251658240                              {pd product} {ergonomic}
     bool SegmentedCodeCache                       = true                                      {product} {ergonomic}
   size_t SoftMaxHeapSize                          = 2116026368                             {manageable} {ergonomic}
     bool UseCompressedClassPointers               = true                                 {lp64_product} {ergonomic}
     bool UseCompressedOops                        = true                                 {lp64_product} {ergonomic}
     bool UseG1GC                                  = true                                      {product} {ergonomic}
     bool UseLargePagesIndividualAllocation        = false                                  {pd product} {ergonomic}

Logging:
Log output configuration:
 #0: stdout all=warning uptime,level,tags
 #1: stderr all=off uptime,level,tags

Environment Variables:
JAVA_HOME=C:\Program Files\Java\jdk1.8.0_281
PATH=C:/Program Files/Java/jdk-15.0.2/bin/server;C:/Program Files/Java/jdk-15.0.2/bin;C:\Program Files\Common Files\Oracle\Java\javapath;C:\Program Files (x86)\Common Files\Oracle\Java\javapath;C:\WINDOWS\system32;C:\WINDOWS;C:\WINDOWS\System32\Wbem;C:\WINDOWS\System32\WindowsPowerShell\v1.0\;C:\WINDOWS\System32\OpenSSH\;C:\Program Files\Git\cmd;C:\Program Files\Dart\dart-sdk\bin;C:\xampp\php;C:\composer;C:\Program Files (x86)\WinMerge;C:\Program Files\nodejs\;C:\Program Files\Java\jdk1.8.0_281\bin;C:\Program Files (x86)\Java\jre1.8.0_271\bin;C:\Program Files\Java\jdk1.8.0_281\bin\bin;C:\Program Files\dotnet\;C:\Program Files\Microsoft SQL Server\130\Tools\Binn\;C:\Program Files\Microsoft SQL Server\Client SDK\ODBC\170\Tools\Binn\;C:\Program Files (x86)\Microsoft SQL Server\150\DTS\Binn\;C:\Program Files\Azure Data Studio\bin;C:\Program Files (x86)\Microsoft SQL Server\150\Tools\Binn\;C:\Program Files\Microsoft SQL Server\150\Tools\Binn\;C:\Program Files\Microsoft SQL Server\150\DTS\Binn\;C:\Program Files\PuTTY\;C:\Ruby30-x64\bin;C:\Users\osama\AppData\Local\Programs\Python\Python37\Scripts\;C:\Users\osama\AppData\Local\Programs\Python\Python37\;C:\Users\osama\AppData\Local\Microsoft\WindowsApps;C:\Users\osama\AppData\Local\Programs\Microsoft VS Code\bin;C:\Program Files (x86)\Java\jre1.8.0_271\bin;C:\Program Files\Java\jdk1.8.0_281\bin;C:\Users\osama\AppData\Local\GitHubDesktop\bin;C:\Users\osama\AppData\Local\Microsoft\WindowsApps;C:\Users\osama\AppData\Local\Android\Sdk\platform-tools;C:\Users\osama\AppData\Roaming\Composer\vendor\bin;C:\openssl-0.9.8k_X64\bin;C:\Program Files\PostgreSQL\12\bin;C:\MinGW\bin;C:\flutter\bin;C:\Program Files (x86)\Microsoft Visual Studio\2017\Professional\Common7\IDE;C:\sqlite-tools-win32-x86-3320300\sqlite-tools-win32-x86-3320300;C:\Users\osama\AppData\Roaming\npm;C:\Program Files\nodejs;C:\Program Files (x86)\VideoLAN\VLC;C:\Program Files\JetBrains\IntelliJ IDEA 2020.3.2\bin;;C:\Users\osama\.dotnet\tools;C:\Program Files\Azure Data S
USERNAME=osama
OS=Windows_NT
PROCESSOR_IDENTIFIER=Intel64 Family 6 Model 142 Stepping 9, GenuineIntel



---------------  S Y S T E M  ---------------

OS:
 Windows 10 , 64 bit Build 19041 (10.0.19041.1466)
OS uptime: 2 days 20:50 hours

CPU: total 4 (initial active 4) (2 cores per cpu, 2 threads per core) family 6 model 142 stepping 9 microcode 0xb4, cmov, cx8, fxsr, mmx, sse, sse2, sse3, ssse3, sse4.1, sse4.2, popcnt, vzeroupper, avx, avx2, aes, clmul, erms, rtm, 3dnowpref, lzcnt, ht, tsc, tscinvbit, bmi1, bmi2, adx, fma, clflush, clflushopt

Memory: 4k page, system-wide physical 8071M (981M free)
TotalPageFile size 26740M (AvailPageFile size 3494M)
current process WorkingSet (physical memory assigned to process): 40M, peak: 41M
current process commit charge ("private bytes"): 206M, peak: 208M

vm_info: Java HotSpot(TM) 64-Bit Server VM (15.0.2+7-27) for windows-amd64 JRE (15.0.2+7-27), built on Dec  7 2020 20:07:01 by "mach5one" with unknown MS VC++:1925

END.
