#
# A fatal error has been detected by the Java Runtime Environment:
#
#  EXCEPTION_ACCESS_VIOLATION (0xc0000005) at pc=0x00007ff9f094e938, pid=23708, tid=3728
#
# JRE version: Java(TM) SE Runtime Environment (15.0.2+7) (build 15.0.2+7-27)
# Java VM: Java HotSpot(TM) 64-Bit Server VM (15.0.2+7-27, mixed mode, sharing, tiered, compressed oops, g1 gc, windows-amd64)
# Problematic frame:
# V  [jvm.dll+0x20e938]
#
# No core dump will be written. Minidumps are not enabled by default on client versions of Windows
#
# If you would like to submit a bug report, please visit:
#   https://bugreport.java.com/bugreport/crash.jsp
#

---------------  S U M M A R Y ------------

Command Line: -agentlib:jdwp=transport=dt_socket,suspend=y,address=localhost:61727 -javaagent:C:\Users\osama\eclipse\java-2019-09\eclipse\configuration\org.eclipse.osgi\229\0\.cp\lib\javaagent-shaded.jar -Dfile.encoding=Cp1252 main.Main

Host: Intel(R) Core(TM) i5-7300U CPU @ 2.60GHz, 4 cores, 7G,  Windows 10 , 64 bit Build 19041 (10.0.19041.1466)
Time: Tue Feb  8 14:28:03 2022 Pakistan Standard Time elapsed time: 161.777777 seconds (0d 0h 2m 41s)

---------------  T H R E A D  ---------------

Current thread (0x000001b8ff468eb0):  JavaThread "JDWP Transport Listener: dt_socket" daemon [_thread_in_vm, id=3728, stack(0x00000055cca00000,0x00000055ccb00000)] _threads_hazard_ptr=0x000001b8ff56c110

Stack: [0x00000055cca00000,0x00000055ccb00000],  sp=0x00000055ccafe728,  free space=1017k
Native frames: (J=compiled Java code, j=interpreted, Vv=VM code, C=native code)
V  [jvm.dll+0x20e938]


siginfo: EXCEPTION_ACCESS_VIOLATION (0xc0000005), reading address 0x000001b8fef88708


Register to memory mapping:

RIP=0x00007ff9f094e938 jvm.dll
RAX=0x0000000000194040 is an unknown value
RBX=0x000001b8fedf42b0 is pointing into metadata
RCX=0x000001b8fedf46c8 is pointing into metadata
RDX=0x000000000000ca01 is an unknown value
RSP=0x00000055ccafe728 is pointing into the stack for thread: 0x000001b8ff468eb0
RBP=0x00000055ccafe860 is pointing into the stack for thread: 0x000001b8ff468eb0
RSI=0x0 is NULL
RDI=0x00000055ccafee70 is pointing into the stack for thread: 0x000001b8ff468eb0
R8 =0x0 is NULL
R9 =0x000001b8fedf42b0 is pointing into metadata
R10=0x00007ff9f0740000 jvm.dll
R11={method} {0x000001b8fedf4660} 'main' '([Ljava/lang/String;)V' in 'main/Main'
R12=0x00007ff9f0740000 jvm.dll
R13=0x000001b8ff305390 points into unknown readable memory: 0x0000000089cd1500 | 00 15 cd 89 00 00 00 00
R14=0x000001b8fedf45de is pointing into metadata
R15=0x000000000000002a is an unknown value


Registers:
RAX=0x0000000000194040, RBX=0x000001b8fedf42b0, RCX=0x000001b8fedf46c8, RDX=0x000000000000ca01
RSP=0x00000055ccafe728, RBP=0x00000055ccafe860, RSI=0x0000000000000000, RDI=0x00000055ccafee70
R8 =0x0000000000000000, R9 =0x000001b8fedf42b0, R10=0x00007ff9f0740000, R11=0x000001b8fedf4658
R12=0x00007ff9f0740000, R13=0x000001b8ff305390, R14=0x000001b8fedf45de, R15=0x000000000000002a
RIP=0x00007ff9f094e938, EFLAGS=0x0000000000010202

Top of Stack: (sp=0x00000055ccafe728)
0x00000055ccafe728:   00007ff9f094e9be 0000000000000000
0x00000055ccafe738:   0000000000000000 0000000000000000
0x00000055ccafe748:   0000000000000000 00000055ccafece0
0x00000055ccafe758:   00007ff9f0a3ff14 0000000000000000
0x00000055ccafe768:   0000000000000000 0000000000000000
0x00000055ccafe778:   0000000000000000 0000000000000000
0x00000055ccafe788:   0000000000000000 0000000000000000
0x00000055ccafe798:   0000000000000000 0000000000000000
0x00000055ccafe7a8:   0000000000000000 0000000000000000
0x00000055ccafe7b8:   0000000000000000 0000000000000000
0x00000055ccafe7c8:   0000000000000000 0000000000000000
0x00000055ccafe7d8:   0000000000000000 0000000000000000
0x00000055ccafe7e8:   0000000000000000 0000000000000000
0x00000055ccafe7f8:   0000000000000000 0000000000000000
0x00000055ccafe808:   0000000000000000 0000000000000000
0x00000055ccafe818:   0000000000000000 0000000000000000 

Instructions: (pc=0x00007ff9f094e938)
0x00007ff9f094e838:   03 03 03 03 03 03 03 03 03 03 03 03 03 03 03 03
0x00007ff9f094e848:   03 03 03 03 03 03 03 03 03 03 03 03 03 03 03 03
0x00007ff9f094e858:   03 03 03 03 03 03 03 03 03 03 03 03 03 03 03 03
0x00007ff9f094e868:   03 03 03 03 03 03 03 03 03 03 03 03 03 03 03 03
0x00007ff9f094e878:   03 03 03 02 03 03 02 cc 48 89 5c 24 08 48 89 74
0x00007ff9f094e888:   24 10 57 48 83 ec 20 48 63 da 41 0f b6 f0 48 8b
0x00007ff9f094e898:   f9 85 d2 79 24 4c 8d 0d ac 97 66 00 ba af 02 00
0x00007ff9f094e8a8:   00 4c 8d 05 d8 97 66 00 48 8d 0d 51 97 66 00 e8
0x00007ff9f094e8b8:   54 79 00 00 e8 7f c0 41 00 40 84 f6 75 18 48 8b
0x00007ff9f094e8c8:   4f 10 48 85 c9 74 0f 48 8d 43 01 48 c1 e0 05 48
0x00007ff9f094e8d8:   8b 04 08 0f b7 d8 48 8b 74 24 38 48 63 c3 48 8b
0x00007ff9f094e8e8:   5c 24 30 0f b7 44 c7 48 48 83 c4 20 5f c3 cc cc
0x00007ff9f094e8f8:   cc cc cc cc cc cc cc cc 4c 8b c9 45 84 c0 75 41
0x00007ff9f094e908:   48 8b 49 10 48 85 c9 74 38 85 d2 79 19 f7 d2 8b
0x00007ff9f094e918:   c2 48 ff c0 48 c1 e0 05 48 8b 04 08 0f b7 c8 41
0x00007ff9f094e928:   0f b7 44 c9 4a c3 48 63 c2 48 ff c0 48 c1 e0 05
0x00007ff9f094e938:   48 8b 04 08 0f b7 d0 48 63 c2 41 0f b7 44 c1 4a
0x00007ff9f094e948:   c3 49 8b 41 08 4c 63 c2 42 0f b6 44 00 04 8d 48
0x00007ff9f094e958:   ef 80 f9 01 76 0e 3c 6a 74 0a 48 63 c2 41 0f b7
0x00007ff9f094e968:   44 c1 4a c3 43 0f b7 44 c1 4a c3 cc cc cc cc cc
0x00007ff9f094e978:   cc cc cc cc cc cc cc cc 40 53 48 83 ec 20 48 8b
0x00007ff9f094e988:   d9 e8 72 ff ff ff 48 63 d0 0f b7 44 d3 48 48 8b
0x00007ff9f094e998:   44 c3 48 48 83 c4 20 5b c3 cc cc cc cc cc cc cc
0x00007ff9f094e9a8:   cc cc cc cc cc cc cc cc 40 53 48 83 ec 20 48 8b
0x00007ff9f094e9b8:   d9 e8 42 ff ff ff 48 63 d0 0f b7 44 d3 4a 48 8b
0x00007ff9f094e9c8:   44 c3 48 48 83 c4 20 5b c3 cc cc cc cc cc cc cc
0x00007ff9f094e9d8:   cc cc cc cc cc cc cc cc 4c 8b d1 45 84 c9 75 28
0x00007ff9f094e9e8:   4c 8b 49 10 4d 85 c9 74 1f 45 85 c0 79 08 41 f7
0x00007ff9f094e9f8:   d0 41 8b c0 eb 03 49 63 c0 48 ff c0 48 c1 e0 05
0x00007ff9f094ea08:   4a 8b 04 08 44 0f b7 c0 49 8b 42 08 49 63 c8 0f
0x00007ff9f094ea18:   b6 4c 08 04 48 8b c2 88 0a c3 cc cc cc cc cc cc
0x00007ff9f094ea28:   cc cc cc cc cc cc cc cc 40 56 57 41 54 41 56 41 


Stack slot to memory mapping:
stack at sp + 0 slots: 0x00007ff9f094e9be jvm.dll
stack at sp + 1 slots: 0x0 is NULL
stack at sp + 2 slots: 0x0 is NULL
stack at sp + 3 slots: 0x0 is NULL
stack at sp + 4 slots: 0x0 is NULL
stack at sp + 5 slots: 0x00000055ccafece0 is pointing into the stack for thread: 0x000001b8ff468eb0
stack at sp + 6 slots: 0x00007ff9f0a3ff14 jvm.dll
stack at sp + 7 slots: 0x0 is NULL


---------------  P R O C E S S  ---------------

Threads class SMR info:
_java_thread_list=0x000001b8ff56c110, length=14, elements={
0x000001b8f98a4000, 0x000001b8fe962eb0, 0x000001b8fe963a80, 0x000001b8fe97ae60,
0x000001b8fe97d830, 0x000001b8fe97f2f0, 0x000001b8fe98b690, 0x000001b8fe98c230,
0x000001b8fe9954f0, 0x000001b8fe947230, 0x000001b8ff468eb0, 0x000001b8ff4c39a0,
0x000001b8ff4c4220, 0x000001b8ff660780
}

Java Threads: ( => current thread )
  0x000001b8f98a4000 JavaThread "main" [_thread_blocked, id=22400, stack(0x00000055cba00000,0x00000055cbb00000)]
  0x000001b8fe962eb0 JavaThread "Reference Handler" daemon [_thread_blocked, id=17160, stack(0x00000055cc100000,0x00000055cc200000)]
  0x000001b8fe963a80 JavaThread "Finalizer" daemon [_thread_blocked, id=28076, stack(0x00000055cc200000,0x00000055cc300000)]
  0x000001b8fe97ae60 JavaThread "Signal Dispatcher" daemon [_thread_blocked, id=25632, stack(0x00000055cc300000,0x00000055cc400000)]
  0x000001b8fe97d830 JavaThread "Attach Listener" daemon [_thread_blocked, id=3684, stack(0x00000055cc400000,0x00000055cc500000)]
  0x000001b8fe97f2f0 JavaThread "Service Thread" daemon [_thread_blocked, id=9760, stack(0x00000055cc500000,0x00000055cc600000)]
  0x000001b8fe98b690 JavaThread "C2 CompilerThread0" daemon [_thread_blocked, id=21804, stack(0x00000055cc600000,0x00000055cc700000)]
  0x000001b8fe98c230 JavaThread "C1 CompilerThread0" daemon [_thread_blocked, id=27604, stack(0x00000055cc700000,0x00000055cc800000)]
  0x000001b8fe9954f0 JavaThread "Sweeper thread" daemon [_thread_blocked, id=7192, stack(0x00000055cc800000,0x00000055cc900000)]
  0x000001b8fe947230 JavaThread "Common-Cleaner" daemon [_thread_blocked, id=22148, stack(0x00000055cc900000,0x00000055cca00000)]
=>0x000001b8ff468eb0 JavaThread "JDWP Transport Listener: dt_socket" daemon [_thread_in_vm, id=3728, stack(0x00000055cca00000,0x00000055ccb00000)]
  0x000001b8ff4c39a0 JavaThread "JDWP Event Helper Thread" daemon [_thread_blocked, id=21536, stack(0x00000055ccb00000,0x00000055ccc00000)]
  0x000001b8ff4c4220 JavaThread "JDWP Command Reader" daemon [_thread_in_native, id=16088, stack(0x00000055ccc00000,0x00000055ccd00000)]
  0x000001b8ff660780 JavaThread "Notification Thread" daemon [_thread_blocked, id=16544, stack(0x00000055cce00000,0x00000055ccf00000)]

Other Threads:
  0x000001b8fe95d610 VMThread "VM Thread" [stack: 0x00000055cc000000,0x00000055cc100000] [id=21400]
  0x000001b8ff660c50 WatcherThread [stack: 0x00000055ccf00000,0x00000055cd000000] [id=19692]
  0x000001b8f98e3230 GCTaskThread "GC Thread#0" [stack: 0x00000055cbb00000,0x00000055cbc00000] [id=3624]
  0x000001b8f98f57f0 ConcurrentGCThread "G1 Main Marker" [stack: 0x00000055cbc00000,0x00000055cbd00000] [id=5056]
  0x000001b8f98f63e0 ConcurrentGCThread "G1 Conc#0" [stack: 0x00000055cbd00000,0x00000055cbe00000] [id=17184]
  0x000001b8f99722b0 ConcurrentGCThread "G1 Refine#0" [stack: 0x00000055cbe00000,0x00000055cbf00000] [id=25860]
  0x000001b8f9972eb0 ConcurrentGCThread "G1 Young RemSet Sampling" [stack: 0x00000055cbf00000,0x00000055cc000000] [id=27516]

Threads with active compile tasks:

VM state: not at safepoint (normal execution)

VM Mutex/Monitor currently owned by a thread: None

Heap address: 0x0000000081e00000, size: 2018 MB, Compressed Oops mode: 32-bit
CDS archive(s) mapped at: [0x0000000800000000-0x0000000800b50000-0x0000000800b50000), size 11862016, SharedBaseAddress: 0x0000000800000000, ArchiveRelocationMode: 0.
Compressed class space mapped at: 0x0000000800b50000-0x0000000840b50000, size: 1073741824
Narrow klass base: 0x0000000800000000, Narrow klass shift: 3, Narrow klass range: 0x100000000

GC Precious Log:
 CPUs: 4 total, 4 available
 Memory: 8071M
 Large Page Support: Disabled
 NUMA Support: Disabled
 Compressed Oops: Enabled (32-bit)
 Heap Region Size: 1M
 Heap Min Capacity: 8M
 Heap Initial Capacity: 128M
 Heap Max Capacity: 2018M
 Pre-touch: Disabled
 Parallel Workers: 4
 Concurrent Workers: 1
 Concurrent Refinement Workers: 4
 Periodic GC: Disabled

Heap:
 garbage-first heap   total 131072K, used 4096K [0x0000000081e00000, 0x0000000100000000)
  region size 1024K, 5 young (5120K), 0 survivors (0K)
 Metaspace       used 2529K, capacity 4592K, committed 4864K, reserved 1056768K
  class space    used 245K, capacity 400K, committed 512K, reserved 1048576K

Heap Regions: E=young(eden), S=young(survivor), O=old, HS=humongous(starts), HC=humongous(continues), CS=collection set, F=free, OA=open archive, CA=closed archive, TAMS=top-at-mark-start (previous, next)
|   0|0x0000000081e00000, 0x0000000081e00000, 0x0000000081f00000|  0%| F|  |TAMS 0x0000000081e00000, 0x0000000081e00000| Untracked 
|   1|0x0000000081f00000, 0x0000000081f00000, 0x0000000082000000|  0%| F|  |TAMS 0x0000000081f00000, 0x0000000081f00000| Untracked 
|   2|0x0000000082000000, 0x0000000082000000, 0x0000000082100000|  0%| F|  |TAMS 0x0000000082000000, 0x0000000082000000| Untracked 
|   3|0x0000000082100000, 0x0000000082100000, 0x0000000082200000|  0%| F|  |TAMS 0x0000000082100000, 0x0000000082100000| Untracked 
|   4|0x0000000082200000, 0x0000000082200000, 0x0000000082300000|  0%| F|  |TAMS 0x0000000082200000, 0x0000000082200000| Untracked 
|   5|0x0000000082300000, 0x0000000082300000, 0x0000000082400000|  0%| F|  |TAMS 0x0000000082300000, 0x0000000082300000| Untracked 
|   6|0x0000000082400000, 0x0000000082400000, 0x0000000082500000|  0%| F|  |TAMS 0x0000000082400000, 0x0000000082400000| Untracked 
|   7|0x0000000082500000, 0x0000000082500000, 0x0000000082600000|  0%| F|  |TAMS 0x0000000082500000, 0x0000000082500000| Untracked 
|   8|0x0000000082600000, 0x0000000082600000, 0x0000000082700000|  0%| F|  |TAMS 0x0000000082600000, 0x0000000082600000| Untracked 
|   9|0x0000000082700000, 0x0000000082700000, 0x0000000082800000|  0%| F|  |TAMS 0x0000000082700000, 0x0000000082700000| Untracked 
|  10|0x0000000082800000, 0x0000000082800000, 0x0000000082900000|  0%| F|  |TAMS 0x0000000082800000, 0x0000000082800000| Untracked 
|  11|0x0000000082900000, 0x0000000082900000, 0x0000000082a00000|  0%| F|  |TAMS 0x0000000082900000, 0x0000000082900000| Untracked 
|  12|0x0000000082a00000, 0x0000000082a00000, 0x0000000082b00000|  0%| F|  |TAMS 0x0000000082a00000, 0x0000000082a00000| Untracked 
|  13|0x0000000082b00000, 0x0000000082b00000, 0x0000000082c00000|  0%| F|  |TAMS 0x0000000082b00000, 0x0000000082b00000| Untracked 
|  14|0x0000000082c00000, 0x0000000082c00000, 0x0000000082d00000|  0%| F|  |TAMS 0x0000000082c00000, 0x0000000082c00000| Untracked 
|  15|0x0000000082d00000, 0x0000000082d00000, 0x0000000082e00000|  0%| F|  |TAMS 0x0000000082d00000, 0x0000000082d00000| Untracked 
|  16|0x0000000082e00000, 0x0000000082e00000, 0x0000000082f00000|  0%| F|  |TAMS 0x0000000082e00000, 0x0000000082e00000| Untracked 
|  17|0x0000000082f00000, 0x0000000082f00000, 0x0000000083000000|  0%| F|  |TAMS 0x0000000082f00000, 0x0000000082f00000| Untracked 
|  18|0x0000000083000000, 0x0000000083000000, 0x0000000083100000|  0%| F|  |TAMS 0x0000000083000000, 0x0000000083000000| Untracked 
|  19|0x0000000083100000, 0x0000000083100000, 0x0000000083200000|  0%| F|  |TAMS 0x0000000083100000, 0x0000000083100000| Untracked 
|  20|0x0000000083200000, 0x0000000083200000, 0x0000000083300000|  0%| F|  |TAMS 0x0000000083200000, 0x0000000083200000| Untracked 
|  21|0x0000000083300000, 0x0000000083300000, 0x0000000083400000|  0%| F|  |TAMS 0x0000000083300000, 0x0000000083300000| Untracked 
|  22|0x0000000083400000, 0x0000000083400000, 0x0000000083500000|  0%| F|  |TAMS 0x0000000083400000, 0x0000000083400000| Untracked 
|  23|0x0000000083500000, 0x0000000083500000, 0x0000000083600000|  0%| F|  |TAMS 0x0000000083500000, 0x0000000083500000| Untracked 
|  24|0x0000000083600000, 0x0000000083600000, 0x0000000083700000|  0%| F|  |TAMS 0x0000000083600000, 0x0000000083600000| Untracked 
|  25|0x0000000083700000, 0x0000000083700000, 0x0000000083800000|  0%| F|  |TAMS 0x0000000083700000, 0x0000000083700000| Untracked 
|  26|0x0000000083800000, 0x0000000083800000, 0x0000000083900000|  0%| F|  |TAMS 0x0000000083800000, 0x0000000083800000| Untracked 
|  27|0x0000000083900000, 0x0000000083900000, 0x0000000083a00000|  0%| F|  |TAMS 0x0000000083900000, 0x0000000083900000| Untracked 
|  28|0x0000000083a00000, 0x0000000083a00000, 0x0000000083b00000|  0%| F|  |TAMS 0x0000000083a00000, 0x0000000083a00000| Untracked 
|  29|0x0000000083b00000, 0x0000000083b00000, 0x0000000083c00000|  0%| F|  |TAMS 0x0000000083b00000, 0x0000000083b00000| Untracked 
|  30|0x0000000083c00000, 0x0000000083c00000, 0x0000000083d00000|  0%| F|  |TAMS 0x0000000083c00000, 0x0000000083c00000| Untracked 
|  31|0x0000000083d00000, 0x0000000083d00000, 0x0000000083e00000|  0%| F|  |TAMS 0x0000000083d00000, 0x0000000083d00000| Untracked 
|  32|0x0000000083e00000, 0x0000000083e00000, 0x0000000083f00000|  0%| F|  |TAMS 0x0000000083e00000, 0x0000000083e00000| Untracked 
|  33|0x0000000083f00000, 0x0000000083f00000, 0x0000000084000000|  0%| F|  |TAMS 0x0000000083f00000, 0x0000000083f00000| Untracked 
|  34|0x0000000084000000, 0x0000000084000000, 0x0000000084100000|  0%| F|  |TAMS 0x0000000084000000, 0x0000000084000000| Untracked 
|  35|0x0000000084100000, 0x0000000084100000, 0x0000000084200000|  0%| F|  |TAMS 0x0000000084100000, 0x0000000084100000| Untracked 
|  36|0x0000000084200000, 0x0000000084200000, 0x0000000084300000|  0%| F|  |TAMS 0x0000000084200000, 0x0000000084200000| Untracked 
|  37|0x0000000084300000, 0x0000000084300000, 0x0000000084400000|  0%| F|  |TAMS 0x0000000084300000, 0x0000000084300000| Untracked 
|  38|0x0000000084400000, 0x0000000084400000, 0x0000000084500000|  0%| F|  |TAMS 0x0000000084400000, 0x0000000084400000| Untracked 
|  39|0x0000000084500000, 0x0000000084500000, 0x0000000084600000|  0%| F|  |TAMS 0x0000000084500000, 0x0000000084500000| Untracked 
|  40|0x0000000084600000, 0x0000000084600000, 0x0000000084700000|  0%| F|  |TAMS 0x0000000084600000, 0x0000000084600000| Untracked 
|  41|0x0000000084700000, 0x0000000084700000, 0x0000000084800000|  0%| F|  |TAMS 0x0000000084700000, 0x0000000084700000| Untracked 
|  42|0x0000000084800000, 0x0000000084800000, 0x0000000084900000|  0%| F|  |TAMS 0x0000000084800000, 0x0000000084800000| Untracked 
|  43|0x0000000084900000, 0x0000000084900000, 0x0000000084a00000|  0%| F|  |TAMS 0x0000000084900000, 0x0000000084900000| Untracked 
|  44|0x0000000084a00000, 0x0000000084a00000, 0x0000000084b00000|  0%| F|  |TAMS 0x0000000084a00000, 0x0000000084a00000| Untracked 
|  45|0x0000000084b00000, 0x0000000084b00000, 0x0000000084c00000|  0%| F|  |TAMS 0x0000000084b00000, 0x0000000084b00000| Untracked 
|  46|0x0000000084c00000, 0x0000000084c00000, 0x0000000084d00000|  0%| F|  |TAMS 0x0000000084c00000, 0x0000000084c00000| Untracked 
|  47|0x0000000084d00000, 0x0000000084d00000, 0x0000000084e00000|  0%| F|  |TAMS 0x0000000084d00000, 0x0000000084d00000| Untracked 
|  48|0x0000000084e00000, 0x0000000084e00000, 0x0000000084f00000|  0%| F|  |TAMS 0x0000000084e00000, 0x0000000084e00000| Untracked 
|  49|0x0000000084f00000, 0x0000000084f00000, 0x0000000085000000|  0%| F|  |TAMS 0x0000000084f00000, 0x0000000084f00000| Untracked 
|  50|0x0000000085000000, 0x0000000085000000, 0x0000000085100000|  0%| F|  |TAMS 0x0000000085000000, 0x0000000085000000| Untracked 
|  51|0x0000000085100000, 0x0000000085100000, 0x0000000085200000|  0%| F|  |TAMS 0x0000000085100000, 0x0000000085100000| Untracked 
|  52|0x0000000085200000, 0x0000000085200000, 0x0000000085300000|  0%| F|  |TAMS 0x0000000085200000, 0x0000000085200000| Untracked 
|  53|0x0000000085300000, 0x0000000085300000, 0x0000000085400000|  0%| F|  |TAMS 0x0000000085300000, 0x0000000085300000| Untracked 
|  54|0x0000000085400000, 0x0000000085400000, 0x0000000085500000|  0%| F|  |TAMS 0x0000000085400000, 0x0000000085400000| Untracked 
|  55|0x0000000085500000, 0x0000000085500000, 0x0000000085600000|  0%| F|  |TAMS 0x0000000085500000, 0x0000000085500000| Untracked 
|  56|0x0000000085600000, 0x0000000085600000, 0x0000000085700000|  0%| F|  |TAMS 0x0000000085600000, 0x0000000085600000| Untracked 
|  57|0x0000000085700000, 0x0000000085700000, 0x0000000085800000|  0%| F|  |TAMS 0x0000000085700000, 0x0000000085700000| Untracked 
|  58|0x0000000085800000, 0x0000000085800000, 0x0000000085900000|  0%| F|  |TAMS 0x0000000085800000, 0x0000000085800000| Untracked 
|  59|0x0000000085900000, 0x0000000085900000, 0x0000000085a00000|  0%| F|  |TAMS 0x0000000085900000, 0x0000000085900000| Untracked 
|  60|0x0000000085a00000, 0x0000000085a00000, 0x0000000085b00000|  0%| F|  |TAMS 0x0000000085a00000, 0x0000000085a00000| Untracked 
|  61|0x0000000085b00000, 0x0000000085b00000, 0x0000000085c00000|  0%| F|  |TAMS 0x0000000085b00000, 0x0000000085b00000| Untracked 
|  62|0x0000000085c00000, 0x0000000085c00000, 0x0000000085d00000|  0%| F|  |TAMS 0x0000000085c00000, 0x0000000085c00000| Untracked 
|  63|0x0000000085d00000, 0x0000000085d00000, 0x0000000085e00000|  0%| F|  |TAMS 0x0000000085d00000, 0x0000000085d00000| Untracked 
|  64|0x0000000085e00000, 0x0000000085e00000, 0x0000000085f00000|  0%| F|  |TAMS 0x0000000085e00000, 0x0000000085e00000| Untracked 
|  65|0x0000000085f00000, 0x0000000085f00000, 0x0000000086000000|  0%| F|  |TAMS 0x0000000085f00000, 0x0000000085f00000| Untracked 
|  66|0x0000000086000000, 0x0000000086000000, 0x0000000086100000|  0%| F|  |TAMS 0x0000000086000000, 0x0000000086000000| Untracked 
|  67|0x0000000086100000, 0x0000000086100000, 0x0000000086200000|  0%| F|  |TAMS 0x0000000086100000, 0x0000000086100000| Untracked 
|  68|0x0000000086200000, 0x0000000086200000, 0x0000000086300000|  0%| F|  |TAMS 0x0000000086200000, 0x0000000086200000| Untracked 
|  69|0x0000000086300000, 0x0000000086300000, 0x0000000086400000|  0%| F|  |TAMS 0x0000000086300000, 0x0000000086300000| Untracked 
|  70|0x0000000086400000, 0x0000000086400000, 0x0000000086500000|  0%| F|  |TAMS 0x0000000086400000, 0x0000000086400000| Untracked 
|  71|0x0000000086500000, 0x0000000086500000, 0x0000000086600000|  0%| F|  |TAMS 0x0000000086500000, 0x0000000086500000| Untracked 
|  72|0x0000000086600000, 0x0000000086600000, 0x0000000086700000|  0%| F|  |TAMS 0x0000000086600000, 0x0000000086600000| Untracked 
|  73|0x0000000086700000, 0x0000000086700000, 0x0000000086800000|  0%| F|  |TAMS 0x0000000086700000, 0x0000000086700000| Untracked 
|  74|0x0000000086800000, 0x0000000086800000, 0x0000000086900000|  0%| F|  |TAMS 0x0000000086800000, 0x0000000086800000| Untracked 
|  75|0x0000000086900000, 0x0000000086900000, 0x0000000086a00000|  0%| F|  |TAMS 0x0000000086900000, 0x0000000086900000| Untracked 
|  76|0x0000000086a00000, 0x0000000086a00000, 0x0000000086b00000|  0%| F|  |TAMS 0x0000000086a00000, 0x0000000086a00000| Untracked 
|  77|0x0000000086b00000, 0x0000000086b00000, 0x0000000086c00000|  0%| F|  |TAMS 0x0000000086b00000, 0x0000000086b00000| Untracked 
|  78|0x0000000086c00000, 0x0000000086c00000, 0x0000000086d00000|  0%| F|  |TAMS 0x0000000086c00000, 0x0000000086c00000| Untracked 
|  79|0x0000000086d00000, 0x0000000086d00000, 0x0000000086e00000|  0%| F|  |TAMS 0x0000000086d00000, 0x0000000086d00000| Untracked 
|  80|0x0000000086e00000, 0x0000000086e00000, 0x0000000086f00000|  0%| F|  |TAMS 0x0000000086e00000, 0x0000000086e00000| Untracked 
|  81|0x0000000086f00000, 0x0000000086f00000, 0x0000000087000000|  0%| F|  |TAMS 0x0000000086f00000, 0x0000000086f00000| Untracked 
|  82|0x0000000087000000, 0x0000000087000000, 0x0000000087100000|  0%| F|  |TAMS 0x0000000087000000, 0x0000000087000000| Untracked 
|  83|0x0000000087100000, 0x0000000087100000, 0x0000000087200000|  0%| F|  |TAMS 0x0000000087100000, 0x0000000087100000| Untracked 
|  84|0x0000000087200000, 0x0000000087200000, 0x0000000087300000|  0%| F|  |TAMS 0x0000000087200000, 0x0000000087200000| Untracked 
|  85|0x0000000087300000, 0x0000000087300000, 0x0000000087400000|  0%| F|  |TAMS 0x0000000087300000, 0x0000000087300000| Untracked 
|  86|0x0000000087400000, 0x0000000087400000, 0x0000000087500000|  0%| F|  |TAMS 0x0000000087400000, 0x0000000087400000| Untracked 
|  87|0x0000000087500000, 0x0000000087500000, 0x0000000087600000|  0%| F|  |TAMS 0x0000000087500000, 0x0000000087500000| Untracked 
|  88|0x0000000087600000, 0x0000000087600000, 0x0000000087700000|  0%| F|  |TAMS 0x0000000087600000, 0x0000000087600000| Untracked 
|  89|0x0000000087700000, 0x0000000087700000, 0x0000000087800000|  0%| F|  |TAMS 0x0000000087700000, 0x0000000087700000| Untracked 
|  90|0x0000000087800000, 0x0000000087800000, 0x0000000087900000|  0%| F|  |TAMS 0x0000000087800000, 0x0000000087800000| Untracked 
|  91|0x0000000087900000, 0x0000000087900000, 0x0000000087a00000|  0%| F|  |TAMS 0x0000000087900000, 0x0000000087900000| Untracked 
|  92|0x0000000087a00000, 0x0000000087a00000, 0x0000000087b00000|  0%| F|  |TAMS 0x0000000087a00000, 0x0000000087a00000| Untracked 
|  93|0x0000000087b00000, 0x0000000087b00000, 0x0000000087c00000|  0%| F|  |TAMS 0x0000000087b00000, 0x0000000087b00000| Untracked 
|  94|0x0000000087c00000, 0x0000000087c00000, 0x0000000087d00000|  0%| F|  |TAMS 0x0000000087c00000, 0x0000000087c00000| Untracked 
|  95|0x0000000087d00000, 0x0000000087d00000, 0x0000000087e00000|  0%| F|  |TAMS 0x0000000087d00000, 0x0000000087d00000| Untracked 
|  96|0x0000000087e00000, 0x0000000087e00000, 0x0000000087f00000|  0%| F|  |TAMS 0x0000000087e00000, 0x0000000087e00000| Untracked 
|  97|0x0000000087f00000, 0x0000000087f00000, 0x0000000088000000|  0%| F|  |TAMS 0x0000000087f00000, 0x0000000087f00000| Untracked 
|  98|0x0000000088000000, 0x0000000088000000, 0x0000000088100000|  0%| F|  |TAMS 0x0000000088000000, 0x0000000088000000| Untracked 
|  99|0x0000000088100000, 0x0000000088100000, 0x0000000088200000|  0%| F|  |TAMS 0x0000000088100000, 0x0000000088100000| Untracked 
| 100|0x0000000088200000, 0x0000000088200000, 0x0000000088300000|  0%| F|  |TAMS 0x0000000088200000, 0x0000000088200000| Untracked 
| 101|0x0000000088300000, 0x0000000088300000, 0x0000000088400000|  0%| F|  |TAMS 0x0000000088300000, 0x0000000088300000| Untracked 
| 102|0x0000000088400000, 0x0000000088400000, 0x0000000088500000|  0%| F|  |TAMS 0x0000000088400000, 0x0000000088400000| Untracked 
| 103|0x0000000088500000, 0x0000000088500000, 0x0000000088600000|  0%| F|  |TAMS 0x0000000088500000, 0x0000000088500000| Untracked 
| 104|0x0000000088600000, 0x0000000088600000, 0x0000000088700000|  0%| F|  |TAMS 0x0000000088600000, 0x0000000088600000| Untracked 
| 105|0x0000000088700000, 0x0000000088700000, 0x0000000088800000|  0%| F|  |TAMS 0x0000000088700000, 0x0000000088700000| Untracked 
| 106|0x0000000088800000, 0x0000000088800000, 0x0000000088900000|  0%| F|  |TAMS 0x0000000088800000, 0x0000000088800000| Untracked 
| 107|0x0000000088900000, 0x0000000088900000, 0x0000000088a00000|  0%| F|  |TAMS 0x0000000088900000, 0x0000000088900000| Untracked 
| 108|0x0000000088a00000, 0x0000000088a00000, 0x0000000088b00000|  0%| F|  |TAMS 0x0000000088a00000, 0x0000000088a00000| Untracked 
| 109|0x0000000088b00000, 0x0000000088b00000, 0x0000000088c00000|  0%| F|  |TAMS 0x0000000088b00000, 0x0000000088b00000| Untracked 
| 110|0x0000000088c00000, 0x0000000088c00000, 0x0000000088d00000|  0%| F|  |TAMS 0x0000000088c00000, 0x0000000088c00000| Untracked 
| 111|0x0000000088d00000, 0x0000000088d00000, 0x0000000088e00000|  0%| F|  |TAMS 0x0000000088d00000, 0x0000000088d00000| Untracked 
| 112|0x0000000088e00000, 0x0000000088e00000, 0x0000000088f00000|  0%| F|  |TAMS 0x0000000088e00000, 0x0000000088e00000| Untracked 
| 113|0x0000000088f00000, 0x0000000088f00000, 0x0000000089000000|  0%| F|  |TAMS 0x0000000088f00000, 0x0000000088f00000| Untracked 
| 114|0x0000000089000000, 0x0000000089000000, 0x0000000089100000|  0%| F|  |TAMS 0x0000000089000000, 0x0000000089000000| Untracked 
| 115|0x0000000089100000, 0x0000000089100000, 0x0000000089200000|  0%| F|  |TAMS 0x0000000089100000, 0x0000000089100000| Untracked 
| 116|0x0000000089200000, 0x0000000089200000, 0x0000000089300000|  0%| F|  |TAMS 0x0000000089200000, 0x0000000089200000| Untracked 
| 117|0x0000000089300000, 0x0000000089300000, 0x0000000089400000|  0%| F|  |TAMS 0x0000000089300000, 0x0000000089300000| Untracked 
| 118|0x0000000089400000, 0x0000000089400000, 0x0000000089500000|  0%| F|  |TAMS 0x0000000089400000, 0x0000000089400000| Untracked 
| 119|0x0000000089500000, 0x0000000089500000, 0x0000000089600000|  0%| F|  |TAMS 0x0000000089500000, 0x0000000089500000| Untracked 
| 120|0x0000000089600000, 0x0000000089600000, 0x0000000089700000|  0%| F|  |TAMS 0x0000000089600000, 0x0000000089600000| Untracked 
| 121|0x0000000089700000, 0x0000000089700000, 0x0000000089800000|  0%| F|  |TAMS 0x0000000089700000, 0x0000000089700000| Untracked 
| 122|0x0000000089800000, 0x0000000089800000, 0x0000000089900000|  0%| F|  |TAMS 0x0000000089800000, 0x0000000089800000| Untracked 
| 123|0x0000000089900000, 0x0000000089943130, 0x0000000089a00000| 26%| E|  |TAMS 0x0000000089900000, 0x0000000089900000| Complete 
| 124|0x0000000089a00000, 0x0000000089b00000, 0x0000000089b00000|100%| E|CS|TAMS 0x0000000089a00000, 0x0000000089a00000| Complete 
| 125|0x0000000089b00000, 0x0000000089c00000, 0x0000000089c00000|100%| E|CS|TAMS 0x0000000089b00000, 0x0000000089b00000| Complete 
| 126|0x0000000089c00000, 0x0000000089d00000, 0x0000000089d00000|100%| E|CS|TAMS 0x0000000089c00000, 0x0000000089c00000| Complete 
| 127|0x0000000089d00000, 0x0000000089e00000, 0x0000000089e00000|100%| E|CS|TAMS 0x0000000089d00000, 0x0000000089d00000| Complete 

Card table byte_map: [0x000001b8f9d80000,0x000001b8fa180000] _byte_map_base: 0x000001b8f9971000

Marking Bits (Prev, Next): (CMBitMap*) 0x000001b8f98e3aa0, (CMBitMap*) 0x000001b8f98e3ae0
 Prev Bits: [0x000001b8fa580000, 0x000001b8fc508000)
 Next Bits: [0x000001b8fc510000, 0x000001b8fe498000)

Polling page: 0x000001b8f7a40000

Metaspace:

Usage:
  Non-class:      4.09 MB capacity,     2.23 MB ( 54%) used,     1.86 MB ( 46%) free+waste,     1.00 KB ( <1%) overhead. 
      Class:    400.00 KB capacity,   245.78 KB ( 61%) used,   153.53 KB ( 38%) free+waste,   704 bytes ( <1%) overhead. 
       Both:      4.48 MB capacity,     2.47 MB ( 55%) used,     2.01 MB ( 45%) free+waste,     1.69 KB ( <1%) overhead. 

Virtual space:
  Non-class space:        8.00 MB reserved,       4.25 MB ( 53%) committed 
      Class space:        1.00 GB reserved,     512.00 KB ( <1%) committed 
             Both:        1.01 GB reserved,       4.75 MB ( <1%) committed 

Chunk freelists:
   Non-Class:  32.00 KB
       Class:  0 bytes
        Both:  32.00 KB

MaxMetaspaceSize: 17179869184.00 GB
CompressedClassSpaceSize: 1.00 GB

CodeHeap 'non-profiled nmethods': size=120000Kb used=129Kb max_used=129Kb free=119871Kb
 bounds [0x000001b88fc30000, 0x000001b88fea0000, 0x000001b897160000]
CodeHeap 'profiled nmethods': size=120000Kb used=575Kb max_used=575Kb free=119424Kb
 bounds [0x000001b888700000, 0x000001b888970000, 0x000001b88fc30000]
CodeHeap 'non-nmethods': size=5760Kb used=1226Kb max_used=1247Kb free=4533Kb
 bounds [0x000001b888160000, 0x000001b8883d0000, 0x000001b888700000]
 total_blobs=816 nmethods=427 adapters=302
 compilation: enabled
              stopped_count=0, restarted_count=0
 full_count=0

Compilation events (20 events):
Event: 0.362 Thread 0x000001b8fe98c230  418       3       jdk.internal.org.objectweb.asm.ByteVector::put12 (64 bytes)
Event: 0.362 Thread 0x000001b8fe98c230 nmethod 418 0x000001b88878c910 code [0x000001b88878cac0, 0x000001b88878cce8]
Event: 0.363 Thread 0x000001b8fe98c230  419       3       java.lang.StringUTF16::getChar (60 bytes)
Event: 0.363 Thread 0x000001b8fe98c230 nmethod 419 0x000001b88878ce90 code [0x000001b88878d020, 0x000001b88878d178]
Event: 0.364 Thread 0x000001b8fe98b690  420       4       java.lang.StringUTF16::getChar (60 bytes)
Event: 0.365 Thread 0x000001b8fe98b690 nmethod 420 0x000001b88fc4fe10 code [0x000001b88fc4ff80, 0x000001b88fc50058]
Event: 0.366 Thread 0x000001b8fe98c230  421       3       java.lang.String::startsWith (7 bytes)
Event: 0.366 Thread 0x000001b8fe98c230 nmethod 421 0x000001b88878d290 code [0x000001b88878d440, 0x000001b88878d588]
Event: 0.367 Thread 0x000001b8fe98c230  422       3       java.lang.String::charAt (25 bytes)
Event: 0.368 Thread 0x000001b8fe98c230 nmethod 422 0x000001b88878d610 code [0x000001b88878d800, 0x000001b88878dd18]
Event: 154.641 Thread 0x000001b8fe98c230  423       3       jdk.internal.misc.Unsafe::allocateUninitializedArray (55 bytes)
Event: 154.642 Thread 0x000001b8fe98c230 nmethod 423 0x000001b88878df90 code [0x000001b88878e1a0, 0x000001b88878e658]
Event: 154.642 Thread 0x000001b8fe98c230  425       3       java.lang.CharacterData::of (124 bytes)
Event: 154.642 Thread 0x000001b8fe98c230 nmethod 425 0x000001b88878e810 code [0x000001b88878ea00, 0x000001b88878f1b8]
Event: 154.642 Thread 0x000001b8fe98c230  424       3       java.util.Objects::requireNonNull (15 bytes)
Event: 154.643 Thread 0x000001b8fe98c230 nmethod 424 0x000001b88878f390 code [0x000001b88878f540, 0x000001b88878f748]
Event: 154.643 Thread 0x000001b8fe98c230  427       1       java.util.jar.Attributes$Name::hashCode (5 bytes)
Event: 154.643 Thread 0x000001b8fe98c230 nmethod 427 0x000001b88fc50110 code [0x000001b88fc502a0, 0x000001b88fc50358]
Event: 154.643 Thread 0x000001b8fe98c230  426       3       java.util.jar.Manifest$FastInputStream::peek (38 bytes)
Event: 154.643 Thread 0x000001b8fe98c230 nmethod 426 0x000001b88878f810 code [0x000001b88878f9c0, 0x000001b88878fbc8]

GC Heap History (0 events):
No events

Deoptimization events (12 events):
Event: 0.233 Thread 0x000001b8f98a4000 Uncommon trap: trap_request=0xffffff45 fr.pc=0x000001b88fc3cdb0 relative=0x0000000000000a50
Event: 0.233 Thread 0x000001b8f98a4000 Uncommon trap: reason=unstable_if action=reinterpret pc=0x000001b88fc3cdb0 method=java.util.HashMap.putVal(ILjava/lang/Object;Ljava/lang/Object;ZZ)Ljava/lang/Object; @ 181 c2
Event: 0.233 Thread 0x000001b8f98a4000 DEOPT PACKING pc=0x000001b88fc3cdb0 sp=0x00000055cbafdfb0
Event: 0.233 Thread 0x000001b8f98a4000 DEOPT UNPACKING pc=0x000001b8881ae42f sp=0x00000055cbafdf60 mode 2
Event: 0.363 Thread 0x000001b8f98a4000 Uncommon trap: trap_request=0xffffff45 fr.pc=0x000001b88fc42cc4 relative=0x0000000000000044
Event: 0.363 Thread 0x000001b8f98a4000 Uncommon trap: reason=unstable_if action=reinterpret pc=0x000001b88fc42cc4 method=java.lang.CharacterData.of(I)Ljava/lang/CharacterData; @ 4 c2
Event: 0.363 Thread 0x000001b8f98a4000 DEOPT PACKING pc=0x000001b88fc42cc4 sp=0x00000055cbafd770
Event: 0.363 Thread 0x000001b8f98a4000 DEOPT UNPACKING pc=0x000001b8881ae42f sp=0x00000055cbafd710 mode 2
Event: 0.367 Thread 0x000001b8f98a4000 Uncommon trap: trap_request=0xffffff45 fr.pc=0x000001b88fc3e178 relative=0x00000000000000d8
Event: 0.367 Thread 0x000001b8f98a4000 Uncommon trap: reason=unstable_if action=reinterpret pc=0x000001b88fc3e178 method=java.lang.String.isLatin1()Z @ 10 c2
Event: 0.367 Thread 0x000001b8f98a4000 DEOPT PACKING pc=0x000001b88fc3e178 sp=0x00000055cbafec50
Event: 0.367 Thread 0x000001b8f98a4000 DEOPT UNPACKING pc=0x000001b8881ae42f sp=0x00000055cbafeba0 mode 2

Classes unloaded (0 events):
No events

Classes redefined (4 events):
Event: 51.264 Thread 0x000001b8fe95d610 redefined class name=main.Main, count=1
Event: 96.048 Thread 0x000001b8fe95d610 redefined class name=main.Main, count=2
Event: 142.250 Thread 0x000001b8fe95d610 redefined class name=main.Main, count=3
Event: 154.644 Thread 0x000001b8fe95d610 redefined class name=main.Main, count=4

Internal exceptions (3 events):
Event: 0.227 Thread 0x000001b8f98a4000 Exception <a 'java/lang/NoSuchMethodError'{0x0000000089b23148}: 'void java.lang.invoke.DirectMethodHandle$Holder.invokeStatic(java.lang.Object, java.lang.Object)'> (0x0000000089b23148) 
thrown [./open/src/hotspot/share/interpreter/linkResolver.cpp, line 782]
Event: 0.227 Thread 0x000001b8f98a4000 Exception <a 'java/lang/NoSuchMethodError'{0x0000000089b26df0}: 'void java.lang.invoke.DirectMethodHandle$Holder.invokeStaticInit(java.lang.Object, java.lang.Object)'> (0x0000000089b26df0) 
thrown [./open/src/hotspot/share/interpreter/linkResolver.cpp, line 782]
Event: 0.335 Thread 0x000001b8f98a4000 Exception <a 'java/lang/NoSuchMethodError'{0x0000000089ac0a60}: 'java.lang.Object java.lang.invoke.DirectMethodHandle$Holder.invokeStatic(java.lang.Object)'> (0x0000000089ac0a60) 
thrown [./open/src/hotspot/share/interpreter/linkResolver.cpp, line 782]

Events (20 events):
Event: 154.641 loading class java/io/FileNotFoundException
Event: 154.641 loading class java/io/FileNotFoundException done
Event: 154.643 loading class java/io/Reader
Event: 154.643 loading class java/io/Reader done
Event: 154.643 loading class java/io/FileReader
Event: 154.643 loading class java/io/InputStreamReader
Event: 154.643 loading class java/io/InputStreamReader done
Event: 154.643 loading class java/io/FileReader done
Event: 154.643 Executing VM operation: RedefineClasses
Event: 154.648 Executing VM operation: RedefineClasses done
Event: 154.655 Executing VM operation: ChangeBreakpoints
Event: 154.655 Executing VM operation: ChangeBreakpoints done
Event: 154.657 Executing VM operation: GetFrameCount
Event: 154.658 Executing VM operation: GetFrameCount done
Event: 154.658 Executing VM operation: GetStackTrace
Event: 154.658 Executing VM operation: GetStackTrace done
Event: 161.446 Executing VM operation: GetFrameCount
Event: 161.446 Executing VM operation: GetFrameCount done
Event: 161.458 Executing VM operation: GetFrameCount
Event: 161.458 Executing VM operation: GetFrameCount done


Dynamic libraries:
0x00007ff7643e0000 - 0x00007ff7643ef000 	C:\Program Files\Java\jdk-15.0.2\bin\javaw.exe
0x00007ffad37d0000 - 0x00007ffad39c5000 	C:\WINDOWS\SYSTEM32\ntdll.dll
0x00007ffad21d0000 - 0x00007ffad228e000 	C:\WINDOWS\System32\KERNEL32.DLL
0x00007ffad10a0000 - 0x00007ffad1368000 	C:\WINDOWS\System32\KERNELBASE.dll
0x00007ffad13d0000 - 0x00007ffad14d0000 	C:\WINDOWS\System32\ucrtbase.dll
0x00007ffaaf900000 - 0x00007ffaaf918000 	C:\Program Files\Java\jdk-15.0.2\bin\jli.dll
0x00007ffad2290000 - 0x00007ffad233e000 	C:\WINDOWS\System32\ADVAPI32.dll
0x00007ffad2460000 - 0x00007ffad24fe000 	C:\WINDOWS\System32\msvcrt.dll
0x00007ffad1c00000 - 0x00007ffad1c9c000 	C:\WINDOWS\System32\sechost.dll
0x00007ffad2f10000 - 0x00007ffad3035000 	C:\WINDOWS\System32\RPCRT4.dll
0x00007ffab01d0000 - 0x00007ffab01e9000 	C:\Program Files\Java\jdk-15.0.2\bin\VCRUNTIME140.dll
0x00007ffad1a40000 - 0x00007ffad1be1000 	C:\WINDOWS\System32\USER32.dll
0x00007ffad0ee0000 - 0x00007ffad0f02000 	C:\WINDOWS\System32\win32u.dll
0x00007ffad1d20000 - 0x00007ffad1d4b000 	C:\WINDOWS\System32\GDI32.dll
0x00007ffabdc40000 - 0x00007ffabdeda000 	C:\WINDOWS\WinSxS\amd64_microsoft.windows.common-controls_6595b64144ccf1df_6.0.19041.1110_none_60b5254171f9507e\COMCTL32.dll
0x00007ffad0f60000 - 0x00007ffad106d000 	C:\WINDOWS\System32\gdi32full.dll
0x00007ffad14d0000 - 0x00007ffad156d000 	C:\WINDOWS\System32\msvcp_win.dll
0x00007ffabfc90000 - 0x00007ffabfc9a000 	C:\WINDOWS\SYSTEM32\VERSION.dll
0x00007ffad3760000 - 0x00007ffad3790000 	C:\WINDOWS\System32\IMM32.DLL
0x00007ffabf7b0000 - 0x00007ffabf7bc000 	C:\Program Files\Java\jdk-15.0.2\bin\vcruntime140_1.dll
0x00007ffa8cc10000 - 0x00007ffa8cca1000 	C:\Program Files\Java\jdk-15.0.2\bin\msvcp140.dll
0x00007ff9f0740000 - 0x00007ff9f129e000 	C:\Program Files\Java\jdk-15.0.2\bin\server\jvm.dll
0x00007ffad1bf0000 - 0x00007ffad1bf8000 	C:\WINDOWS\System32\PSAPI.DLL
0x00007ffabdee0000 - 0x00007ffabdf07000 	C:\WINDOWS\SYSTEM32\WINMM.dll
0x00007ffab8150000 - 0x00007ffab8159000 	C:\WINDOWS\SYSTEM32\WSOCK32.dll
0x00007ffad23d0000 - 0x00007ffad243b000 	C:\WINDOWS\System32\WS2_32.dll
0x00007ffacede0000 - 0x00007ffacedf2000 	C:\WINDOWS\SYSTEM32\kernel.appcore.dll
0x00007ffabada0000 - 0x00007ffabadaa000 	C:\Program Files\Java\jdk-15.0.2\bin\jimage.dll
0x00007fface200000 - 0x00007fface3e4000 	C:\WINDOWS\SYSTEM32\DBGHELP.DLL
0x00007ffac0120000 - 0x00007ffac014c000 	C:\WINDOWS\SYSTEM32\dbgcore.DLL
0x00007ffad1780000 - 0x00007ffad1802000 	C:\WINDOWS\System32\bcryptPrimitives.dll
0x00007ffaa2d20000 - 0x00007ffaa2d59000 	C:\Program Files\Java\jdk-15.0.2\bin\jdwp.dll
0x00007ffaaf8f0000 - 0x00007ffaaf8fe000 	C:\Program Files\Java\jdk-15.0.2\bin\instrument.dll
0x00007ffab0230000 - 0x00007ffab0255000 	C:\Program Files\Java\jdk-15.0.2\bin\java.dll
0x00007ffad2610000 - 0x00007ffad2d54000 	C:\WINDOWS\System32\SHELL32.dll
0x00007ffacefb0000 - 0x00007ffacf745000 	C:\WINDOWS\SYSTEM32\windows.storage.dll
0x00007ffad31d0000 - 0x00007ffad3525000 	C:\WINDOWS\System32\combase.dll
0x00007ffad0930000 - 0x00007ffad095e000 	C:\WINDOWS\SYSTEM32\Wldp.dll
0x00007ffad1870000 - 0x00007ffad191d000 	C:\WINDOWS\System32\SHCORE.dll
0x00007ffad1810000 - 0x00007ffad1865000 	C:\WINDOWS\System32\shlwapi.dll
0x00007ffad0e20000 - 0x00007ffad0e3f000 	C:\WINDOWS\SYSTEM32\profapi.dll
0x00007ffaaf8e0000 - 0x00007ffaaf8eb000 	C:\Program Files\Java\jdk-15.0.2\bin\dt_socket.dll
0x00007ffad0330000 - 0x00007ffad036b000 	C:\WINDOWS\SYSTEM32\IPHLPAPI.DLL
0x00007ffad0690000 - 0x00007ffad06fa000 	C:\WINDOWS\system32\mswsock.dll
0x00007ffad03c0000 - 0x00007ffad048b000 	C:\WINDOWS\SYSTEM32\DNSAPI.dll
0x00007ffad2440000 - 0x00007ffad2448000 	C:\WINDOWS\System32\NSI.dll
0x00007ffac07d0000 - 0x00007ffac07da000 	C:\Windows\System32\rasadhlp.dll
0x00007ffac01d0000 - 0x00007ffac024f000 	C:\WINDOWS\System32\fwpuclnt.dll
0x00007ffad1070000 - 0x00007ffad1097000 	C:\WINDOWS\System32\bcrypt.dll
0x00007ffaa4530000 - 0x00007ffaa4548000 	C:\Program Files\Java\jdk-15.0.2\bin\zip.dll
0x00007ffab0550000 - 0x00007ffab0569000 	C:\Program Files\Java\jdk-15.0.2\bin\net.dll
0x00007ffac8570000 - 0x00007ffac867c000 	C:\WINDOWS\SYSTEM32\WINHTTP.dll
0x00007ffab0210000 - 0x00007ffab0222000 	C:\Program Files\Java\jdk-15.0.2\bin\nio.dll

dbghelp: loaded successfully - version: 4.0.5 - missing functions: none
symbol engine: initialized successfully - sym options: 0x614 - pdb path: .;C:\Program Files\Java\jdk-15.0.2\bin;C:\WINDOWS\SYSTEM32;C:\WINDOWS\WinSxS\amd64_microsoft.windows.common-controls_6595b64144ccf1df_6.0.19041.1110_none_60b5254171f9507e;C:\Program Files\Java\jdk-15.0.2\bin\server

VM Arguments:
jvm_args: -agentlib:jdwp=transport=dt_socket,suspend=y,address=localhost:61727 -javaagent:C:\Users\osama\eclipse\java-2019-09\eclipse\configuration\org.eclipse.osgi\229\0\.cp\lib\javaagent-shaded.jar -Dfile.encoding=Cp1252 
java_command: main.Main
java_class_path (initial): C:\Users\osama\eclipse-workspace\JSONConversion\bin;C:\Users\osama\Downloads\jar_files\jankson-1.2.1.jar;C:\Users\osama\Downloads\jar_files\json-simple-1.1.1.jar
Launcher Type: SUN_STANDARD

[Global flags]
     intx CICompilerCount                          = 3                                         {product} {ergonomic}
     uint ConcGCThreads                            = 1                                         {product} {ergonomic}
     uint G1ConcRefinementThreads                  = 4                                         {product} {ergonomic}
   size_t G1HeapRegionSize                         = 1048576                                   {product} {ergonomic}
    uintx GCDrainStackTargetSize                   = 64                                        {product} {ergonomic}
   size_t InitialHeapSize                          = 134217728                                 {product} {ergonomic}
   size_t MarkStackSize                            = 4194304                                   {product} {ergonomic}
   size_t MaxHeapSize                              = 2116026368                                {product} {ergonomic}
   size_t MaxNewSize                               = 1268776960                                {product} {ergonomic}
   size_t MinHeapDeltaBytes                        = 1048576                                   {product} {ergonomic}
   size_t MinHeapSize                              = 8388608                                   {product} {ergonomic}
    uintx NonNMethodCodeHeapSize                   = 5832780                                {pd product} {ergonomic}
    uintx NonProfiledCodeHeapSize                  = 122912730                              {pd product} {ergonomic}
    uintx ProfiledCodeHeapSize                     = 122912730                              {pd product} {ergonomic}
    uintx ReservedCodeCacheSize                    = 251658240                              {pd product} {ergonomic}
     bool SegmentedCodeCache                       = true                                      {product} {ergonomic}
   size_t SoftMaxHeapSize                          = 2116026368                             {manageable} {ergonomic}
     bool UseCompressedClassPointers               = true                                 {lp64_product} {ergonomic}
     bool UseCompressedOops                        = true                                 {lp64_product} {ergonomic}
     bool UseG1GC                                  = true                                      {product} {ergonomic}
     bool UseLargePagesIndividualAllocation        = false                                  {pd product} {ergonomic}

Logging:
Log output configuration:
 #0: stdout all=warning uptime,level,tags
 #1: stderr all=off uptime,level,tags

Environment Variables:
JAVA_HOME=C:\Program Files\Java\jdk1.8.0_281
PATH=C:/Program Files/Java/jdk-15.0.2/bin/server;C:/Program Files/Java/jdk-15.0.2/bin;C:\Program Files\Common Files\Oracle\Java\javapath;C:\Program Files (x86)\Common Files\Oracle\Java\javapath;C:\WINDOWS\system32;C:\WINDOWS;C:\WINDOWS\System32\Wbem;C:\WINDOWS\System32\WindowsPowerShell\v1.0\;C:\WINDOWS\System32\OpenSSH\;C:\Program Files\Git\cmd;C:\Program Files\Dart\dart-sdk\bin;C:\xampp\php;C:\composer;C:\Program Files (x86)\WinMerge;C:\Program Files\nodejs\;C:\Program Files\Java\jdk1.8.0_281\bin;C:\Program Files (x86)\Java\jre1.8.0_271\bin;C:\Program Files\Java\jdk1.8.0_281\bin\bin;C:\Program Files\dotnet\;C:\Program Files\Microsoft SQL Server\130\Tools\Binn\;C:\Program Files\Microsoft SQL Server\Client SDK\ODBC\170\Tools\Binn\;C:\Program Files (x86)\Microsoft SQL Server\150\DTS\Binn\;C:\Program Files\Azure Data Studio\bin;C:\Program Files (x86)\Microsoft SQL Server\150\Tools\Binn\;C:\Program Files\Microsoft SQL Server\150\Tools\Binn\;C:\Program Files\Microsoft SQL Server\150\DTS\Binn\;C:\Program Files\PuTTY\;C:\Ruby30-x64\bin;C:\Users\osama\AppData\Local\Programs\Python\Python37\Scripts\;C:\Users\osama\AppData\Local\Programs\Python\Python37\;C:\Users\osama\AppData\Local\Microsoft\WindowsApps;C:\Users\osama\AppData\Local\Programs\Microsoft VS Code\bin;C:\Program Files (x86)\Java\jre1.8.0_271\bin;C:\Program Files\Java\jdk1.8.0_281\bin;C:\Users\osama\AppData\Local\GitHubDesktop\bin;C:\Users\osama\AppData\Local\Microsoft\WindowsApps;C:\Users\osama\AppData\Local\Android\Sdk\platform-tools;C:\Users\osama\AppData\Roaming\Composer\vendor\bin;C:\openssl-0.9.8k_X64\bin;C:\Program Files\PostgreSQL\12\bin;C:\MinGW\bin;C:\flutter\bin;C:\Program Files (x86)\Microsoft Visual Studio\2017\Professional\Common7\IDE;C:\sqlite-tools-win32-x86-3320300\sqlite-tools-win32-x86-3320300;C:\Users\osama\AppData\Roaming\npm;C:\Program Files\nodejs;C:\Program Files (x86)\VideoLAN\VLC;C:\Program Files\JetBrains\IntelliJ IDEA 2020.3.2\bin;;C:\Users\osama\.dotnet\tools;C:\Program Files\Azure Data S
USERNAME=osama
OS=Windows_NT
PROCESSOR_IDENTIFIER=Intel64 Family 6 Model 142 Stepping 9, GenuineIntel



---------------  S Y S T E M  ---------------

OS:
 Windows 10 , 64 bit Build 19041 (10.0.19041.1466)
OS uptime: 2 days 20:45 hours

CPU: total 4 (initial active 4) (2 cores per cpu, 2 threads per core) family 6 model 142 stepping 9 microcode 0xb4, cmov, cx8, fxsr, mmx, sse, sse2, sse3, ssse3, sse4.1, sse4.2, popcnt, vzeroupper, avx, avx2, aes, clmul, erms, rtm, 3dnowpref, lzcnt, ht, tsc, tscinvbit, bmi1, bmi2, adx, fma, clflush, clflushopt

Memory: 4k page, system-wide physical 8071M (1197M free)
TotalPageFile size 26740M (AvailPageFile size 3909M)
current process WorkingSet (physical memory assigned to process): 41M, peak: 41M
current process commit charge ("private bytes"): 207M, peak: 208M

vm_info: Java HotSpot(TM) 64-Bit Server VM (15.0.2+7-27) for windows-amd64 JRE (15.0.2+7-27), built on Dec  7 2020 20:07:01 by "mach5one" with unknown MS VC++:1925

END.
